Unity Editor version:    2022.3.21f1 (bf09ca542b87)
Branch:                  2022.3/staging
Build type:              Release
Batch mode:              YES
macOS version:           Version 14.4.1 (Build 23E224)
Darwin version:          23.4.0
Architecture:            arm64
Running under Rosetta:   NO
Available memory:        8192 MB
Using pre-set license
Pro License: YES

COMMAND LINE ARGUMENTS:
/Applications/Unity/Hub/Editor/2022.3.21f1/Unity.app/Contents/MacOS/Unity
-adb2
-batchMode
-noUpm
-name
AssetImportWorker1
-projectPath
/Users/yusuferkamkoksal/Desktop/GraduationProject
-logFile
Logs/AssetImportWorker1.log
-srvPort
61387
Successfully changed project path to: /Users/yusuferkamkoksal/Desktop/GraduationProject
/Users/yusuferkamkoksal/Desktop/GraduationProject
[UnityMemory] Configuration Parameters - Can be set up in boot.config
    "memorysetup-bucket-allocator-granularity=16"
    "memorysetup-bucket-allocator-bucket-count=8"
    "memorysetup-bucket-allocator-block-size=33554432"
    "memorysetup-bucket-allocator-block-count=8"
    "memorysetup-main-allocator-block-size=16777216"
    "memorysetup-thread-allocator-block-size=16777216"
    "memorysetup-gfx-main-allocator-block-size=16777216"
    "memorysetup-gfx-thread-allocator-block-size=16777216"
    "memorysetup-cache-allocator-block-size=4194304"
    "memorysetup-typetree-allocator-block-size=2097152"
    "memorysetup-profiler-bucket-allocator-granularity=16"
    "memorysetup-profiler-bucket-allocator-bucket-count=8"
    "memorysetup-profiler-bucket-allocator-block-size=33554432"
    "memorysetup-profiler-bucket-allocator-block-count=8"
    "memorysetup-profiler-allocator-block-size=16777216"
    "memorysetup-profiler-editor-allocator-block-size=1048576"
    "memorysetup-temp-allocator-size-main=16777216"
    "memorysetup-job-temp-allocator-block-size=2097152"
    "memorysetup-job-temp-allocator-block-size-background=1048576"
    "memorysetup-job-temp-allocator-reduction-small-platforms=262144"
    "memorysetup-allocator-temp-initial-block-size-main=262144"
    "memorysetup-allocator-temp-initial-block-size-worker=262144"
    "memorysetup-temp-allocator-size-background-worker=32768"
    "memorysetup-temp-allocator-size-job-worker=262144"
    "memorysetup-temp-allocator-size-preload-manager=33554432"
    "memorysetup-temp-allocator-size-nav-mesh-worker=65536"
    "memorysetup-temp-allocator-size-audio-worker=65536"
    "memorysetup-temp-allocator-size-cloud-worker=32768"
    "memorysetup-temp-allocator-size-gi-baking-worker=262144"
    "memorysetup-temp-allocator-size-gfx=262144"
Player connection [8638692032] Host "[IP] 10.51.27.252 [Port] 0 [Flags] 2 [Guid] 3986855181 [EditorId] 3986855181 [Version] 1048832 [Id] OSXEditor(0,Yusuf-MacBook-Pro.local) [Debug] 1 [PackageName] OSXEditor [ProjectName] Editor" joined multi-casting on [225.0.0.222:54997]...

Player connection [8638692032] Host "[IP] 10.51.27.252 [Port] 0 [Flags] 2 [Guid] 3986855181 [EditorId] 3986855181 [Version] 1048832 [Id] OSXEditor(0,Yusuf-MacBook-Pro.local) [Debug] 1 [PackageName] OSXEditor [ProjectName] Editor" joined alternative multi-casting on [225.0.0.222:34997]...

[Physics::Module] Initialized MultithreadedJobDispatcher with 7 workers.
Refreshing native plugins compatible for Editor in 28.00 ms, found 5 plugins.
Preloading 1 native plugins for Editor in 7.38 ms.
Initialize engine version: 2022.3.21f1 (bf09ca542b87)
[Subsystems] Discovering subsystems at path /Applications/Unity/Hub/Editor/2022.3.21f1/Unity.app/Contents/Resources/UnitySubsystems
[Subsystems] Discovering subsystems at path /Users/yusuferkamkoksal/Desktop/GraduationProject/Assets
GfxDevice: creating device client; threaded=0; jobified=0
 preferred device: Apple M1 (high power)
Metal devices available: 1
0: Apple M1 (high power)
Using device Apple M1 (high power)
Initializing Metal device caps: Apple M1
Shader 'Oculus/OVRMRCameraFrameLit': fallback shader 'Alpha-Diffuse' not found
Initialize mono
Mono path[0] = '/Applications/Unity/Hub/Editor/2022.3.21f1/Unity.app/Contents/Managed'
Mono path[1] = '/Applications/Unity/Hub/Editor/2022.3.21f1/Unity.app/Contents/MonoBleedingEdge/lib/mono/unityjit-macos'
Mono config path = '/Applications/Unity/Hub/Editor/2022.3.21f1/Unity.app/Contents/MonoBleedingEdge/etc'
Using monoOptions --debugger-agent=transport=dt_socket,embedding=1,server=y,suspend=n,address=127.0.0.1:56881
Begin MonoManager ReloadAssembly
Registering precompiled unity dll's ...
Register platform support module: /Applications/Unity/Hub/Editor/2022.3.21f1/PlaybackEngines/WebGLSupport/UnityEditor.WebGL.Extensions.dll
Register platform support module: /Applications/Unity/Hub/Editor/2022.3.21f1/Unity.app/Contents/PlaybackEngines/MacStandaloneSupport/UnityEditor.OSXStandalone.Extensions.dll
Registered in 0.001014 seconds.
- Loaded All Assemblies, in  0.302 seconds
Native extension for OSXStandalone target not found
Native extension for WebGL target not found
Mono: successfully reloaded assembly
- Finished resetting the current domain, in  0.184 seconds
Domain Reload Profiling: 486ms
	BeginReloadAssembly (102ms)
		ExecutionOrderSort (0ms)
		DisableScriptedObjects (0ms)
		BackupInstance (0ms)
		ReleaseScriptingObjects (0ms)
		CreateAndSetChildDomain (1ms)
	RebuildCommonClasses (31ms)
	RebuildNativeTypeToScriptingClass (9ms)
	initialDomainReloadingComplete (33ms)
	LoadAllAssembliesAndSetupDomain (125ms)
		LoadAssemblies (101ms)
		RebuildTransferFunctionScriptingTraits (0ms)
		AnalyzeDomain (124ms)
			TypeCache.Refresh (123ms)
				TypeCache.ScanAssembly (111ms)
			ScanForSourceGeneratedMonoScriptInfo (0ms)
			ResolveRequiredComponents (0ms)
	FinalizeReload (185ms)
		ReleaseScriptCaches (0ms)
		RebuildScriptCaches (0ms)
		SetupLoadedEditorAssemblies (138ms)
			LogAssemblyErrors (0ms)
			InitializePlatformSupportModulesInManaged (5ms)
			SetLoadedEditorAssemblies (4ms)
			RefreshPlugins (0ms)
			BeforeProcessingInitializeOnLoad (1ms)
			ProcessInitializeOnLoadAttributes (98ms)
			ProcessInitializeOnLoadMethodAttributes (30ms)
			AfterProcessingInitializeOnLoad (0ms)
			EditorAssembliesLoaded (0ms)
		ExecutionOrderSort2 (0ms)
		AwakeInstancesAfterBackupRestoration (0ms)
========================================================================
Worker process is ready to serve import requests
Begin MonoManager ReloadAssembly
- Loaded All Assemblies, in  0.656 seconds
Refreshing native plugins compatible for Editor in 2.48 ms, found 5 plugins.
Native extension for OSXStandalone target not found
Native extension for WebGL target not found
Package Manager log level set to [2]
[Package Manager] Server::EnsureServerProcessIsRunning -- launch failed, reason: Unity was launched with the -noUpm command-line argument
[Package Manager] UpmClient::Send -- Unable to send message (not connected to UPM process).
[Package Manager] Cannot connect to Unity Package Manager local server
[Package Manager] Server::EnsureServerProcessIsRunning -- launch failed, reason: Unity was launched with the -noUpm command-line argument
[Package Manager] UpmClient::Send -- Unable to send message (not connected to UPM process).
[Package Manager] Cannot connect to Unity Package Manager local server
Mono: successfully reloaded assembly
[Package Manager] Server::EnsureServerProcessIsRunning -- launch failed, reason: Unity was launched with the -noUpm command-line argument
[Package Manager] UpmClient::Send -- Unable to send message (not connected to UPM process).
[Package Manager] Cannot connect to Unity Package Manager local server
[Package Manager] Server::EnsureServerProcessIsRunning -- launch failed, reason: Unity was launched with the -noUpm command-line argument
[Package Manager] UpmClient::Send -- Unable to send message (not connected to UPM process).
[Package Manager] Cannot connect to Unity Package Manager local server
- Finished resetting the current domain, in  0.688 seconds
Domain Reload Profiling: 1346ms
	BeginReloadAssembly (114ms)
		ExecutionOrderSort (0ms)
		DisableScriptedObjects (3ms)
		BackupInstance (0ms)
		ReleaseScriptingObjects (0ms)
		CreateAndSetChildDomain (28ms)
	RebuildCommonClasses (29ms)
	RebuildNativeTypeToScriptingClass (9ms)
	initialDomainReloadingComplete (25ms)
	LoadAllAssembliesAndSetupDomain (481ms)
		LoadAssemblies (297ms)
		RebuildTransferFunctionScriptingTraits (0ms)
		AnalyzeDomain (222ms)
			TypeCache.Refresh (190ms)
				TypeCache.ScanAssembly (165ms)
			ScanForSourceGeneratedMonoScriptInfo (17ms)
			ResolveRequiredComponents (13ms)
	FinalizeReload (688ms)
		ReleaseScriptCaches (0ms)
		RebuildScriptCaches (0ms)
		SetupLoadedEditorAssemblies (528ms)
			LogAssemblyErrors (0ms)
			InitializePlatformSupportModulesInManaged (3ms)
			SetLoadedEditorAssemblies (5ms)
			RefreshPlugins (0ms)
			BeforeProcessingInitializeOnLoad (106ms)
			ProcessInitializeOnLoadAttributes (395ms)
			ProcessInitializeOnLoadMethodAttributes (18ms)
			AfterProcessingInitializeOnLoad (1ms)
			EditorAssembliesLoaded (0ms)
		ExecutionOrderSort2 (0ms)
		AwakeInstancesAfterBackupRestoration (3ms)
Shader 'Oculus/OVRMRCameraFrameLit': fallback shader 'Alpha-Diffuse' not found
Launching external process: /Applications/Unity/Hub/Editor/2022.3.21f1/Unity.app/Contents/Tools/UnityShaderCompiler
Launched and connected shader compiler UnityShaderCompiler after 0.27 seconds
Refreshing native plugins compatible for Editor in 2.69 ms, found 5 plugins.
Preloading 1 native plugins for Editor in 0.46 ms.
Unloading 5214 Unused Serialized files (Serialized files now loaded: 0)
Unloading 79 unused Assets / (234.8 KB). Loaded Objects now: 5645.
Memory consumption went from 203.3 MB to 203.1 MB.
Total: 6.871958 ms (FindLiveObjects: 0.320042 ms CreateObjectMapping: 0.073166 ms MarkObjects: 5.831167 ms  DeleteObjects: 0.645792 ms)

AssetImportParameters requested are different than current active one (requested -> active):
  custom:scripting/monoscript/fileName/uint3x3.gen.cs: b354ea0e62ee3ca695eba400f73bf8a2 -> 
  custom:scripting/monoscript/fileName/double4.gen.cs: c861322ff5ab8c01e3e4b508791cf124 -> 
  custom:scripting/monoscript/fileName/rigid_transform.cs: 36bbdd985ffacdf5ee0745cfd3a1f08d -> 
  custom:scripting/monoscript/fileName/PropertyAttributes.cs: f9be6ff8022c2b7e9364b782f234d192 -> 
  custom:scripting/monoscript/fileName/uint4x4.gen.cs: 7732c53bd697b7eb03dd735297da0fc1 -> 
  custom:container-demuxer-ogg: 62fdf1f143b41e24485cea50d1cbac27 -> 
  custom:scripting/monoscript/fileName/int2.gen.cs: ba08380188673eb89fbe6c63125635e5 -> 
  custom:scripting/monoscript/fileName/int4.gen.cs: 6202c51352f8408238811f81cf17884b -> 
  custom:scripting/monoscript/fileName/noise3D.cs: 2eb29bf877494e27d7b8d68303a33727 -> 
  custom:scripting/monoscript/fileName/float4x2.gen.cs: a70cf4e9d29e9357ba0e68d3ee43ce34 -> 
  custom:scripting/monoscript/fileName/half3.gen.cs: 935b3c49f9c5126f28352e4a48406e0a -> 
  custom:scripting/monoscript/fileName/uint2x4.gen.cs: 817d68c720fa6aa9b67a61d7c1b206d0 -> 
  custom:video-decoder-ogg-theora: a1e56fd34408186e4bbccfd4996cb3dc -> 
  custom:scripting/monoscript/fileName/bool4.gen.cs: ca7c0171e1585aef1c2900b66db0977a -> 
  custom:scripting/monoscript/fileName/float4x3.gen.cs: 82da2e74a1c9948cc673acd7425c23e5 -> 
  custom:scripting/monoscript/fileName/float3x4.gen.cs: f425eda36f0a9a6a9785ce693ab31c65 -> 
  custom:scripting/monoscript/fileName/bool4x4.gen.cs: 832d1ba72f52e457d65ecd6ca1ba2b2e -> 
  custom:scripting/monoscript/fileName/math_unity_conversion.cs: 717272b42fdbca1935830b3071b2da3c -> 
  custom:scripting/monoscript/fileName/double3x3.gen.cs: cf2bca4cc9e8b93d47929417a1a999f7 -> 
  custom:scripting/monoscript/fileName/double3x2.gen.cs: 87fbe5b4a5a90e3c915d83933bb7a691 -> 
  custom:scripting/monoscript/fileName/bool3x2.gen.cs: 6ad67e842e9f001f4905675e041c0394 -> 
  custom:scripting/monoscript/fileName/half2.gen.cs: a6f90a50ab057fcfbb93f80dff9467ec -> 
  custom:scripting/monoscript/fileName/Il2CppEagerStaticClassConstructionAttribute.cs: 5ae90a36296d2fe83dd98e9361e907e8 -> 
  custom:scripting/monoscript/fileName/cellular2x2.cs: 2eb29bf877494e27d7b8d68303a33727 -> 
  custom:scripting/monoscript/fileName/half.cs: cf3f2b0bcee127ccdac6d87167bcc406 -> 
  custom:scripting/monoscript/fileName/noise3Dgrad.cs: 2eb29bf877494e27d7b8d68303a33727 -> 
  custom:scripting/monoscript/fileName/bool4x2.gen.cs: 5e92d30f937bc7e4e4a07b2b81c06b27 -> 
  custom:scripting/monoscript/fileName/Plane.cs: 69547098044c0683a5ff9d9b8674a0ba -> 
  custom:CustomObjectIndexerAttribute: 9a22284fe3817be447336de3de66b15e -> 
  custom:scripting/monoscript/fileName/classicnoise3D.cs: 2eb29bf877494e27d7b8d68303a33727 -> 
  custom:scripting/monoscript/fileName/MinMaxAABB.cs: 87e440667b74c17b186d7505988d93e6 -> 
  custom:scripting/monoscript/fileName/double2x2.gen.cs: 1b24b88380b01d73274245c8a3f891ca -> 
  custom:scripting/monoscript/fileName/float2x2.gen.cs: f203c6ed52cbda2033cd1859a76ab02f -> 
  custom:container-demuxer-webm: 4f35f7cbe854078d1ac9338744f61a02 -> 
  custom:scripting/monoscript/fileName/bool2x4.gen.cs: 0202187d1d97b3838c3acec749a94370 -> 
  custom:scripting/monoscript/fileName/uint2x3.gen.cs: dc149d5147f76ef2e3b7b3e87df71cde -> 
  custom:scripting/monoscript/fileName/classicnoise4D.cs: 2eb29bf877494e27d7b8d68303a33727 -> 
  custom:scripting/monoscript/fileName/int4x3.gen.cs: 8504016f71ab8b36158b7cb8a5461a8b -> 
  custom:scripting/monoscript/fileName/classicnoise2D.cs: 2eb29bf877494e27d7b8d68303a33727 -> 
  custom:scripting/monoscript/fileName/MatrixDrawer.cs: 54f407ec7134aa445531b0da7f5e0ded -> 
  custom:scripting/monoscript/fileName/float2x4.gen.cs: 8f6e3792d53a47d3e0816efd26cbabde -> 
  custom:scripting/monoscript/fileName/matrix.gen.cs: 8040951fec6b586df3a34908a47f7536 -> 
  custom:scripting/monoscript/fileName/PostNormalizedVectorDrawer.cs: 1e9cc5a1d5ea64a4691d9edff2f31467 -> 
  custom:scripting/monoscript/fileName/int2x4.gen.cs: 5edaa4c8e18b723d836f4e66d7a2ad24 -> 
  custom:scripting/monoscript/fileName/double2.gen.cs: 9fcc709faf542a3c28101e289489d3c3 -> 
  custom:scripting/monoscript/fileName/bool2x2.gen.cs: 4649c574bdda23c59b5d49d1b662bc61 -> 
  custom:scripting/monoscript/fileName/uint3x2.gen.cs: e9ed99b7eae876425b9236af5d545e3a -> 
  custom:scripting/monoscript/fileName/int2x2.gen.cs: 63739a46f5092b211c341383068e9d3a -> 
  custom:scripting/monoscript/fileName/uint3.gen.cs: 2439c557987b3f1dafd36143ddfb8c40 -> 
  custom:scripting/monoscript/fileName/double4x4.gen.cs: d67599d4a9300cb241e4695cd70324ae -> 
  custom:container-muxer-webm: aa71ff27fc2769a1b78a27578f13a17b -> 
  custom:scripting/monoscript/fileName/bool2x3.gen.cs: c45708c9bd53a8b7f658164314a10c61 -> 
  custom:scripting/monoscript/fileName/math.cs: 3e1f77dfafdda862ef1fdae58189cdb5 -> 
  custom:scripting/monoscript/fileName/double4x3.gen.cs: 0f480b77cbe2235a6a07fec4a8104303 -> 
  custom:video-decoder-webm-vp8: 9c59270c3fd7afecdb556c50c9e8de78 -> 
  custom:scripting/monoscript/fileName/float3.gen.cs: 61e461104f30d07064c299c5ac2c9a3e -> 
  custom:scripting/monoscript/fileName/int3.gen.cs: f3e7aece5ea81aaaacfae8f3b0dbf645 -> 
  custom:scripting/monoscript/fileName/int3x3.gen.cs: dc1405f0f1704a2ec1efb4946b5d5f85 -> 
  custom:scripting/monoscript/fileName/quaternion.cs: 0762c6482396ed4f34408952c0956647 -> 
  custom:scripting/monoscript/fileName/int4x4.gen.cs: e1c5029dddb71a1513ebdf470db7528e -> 
  custom:scripting/monoscript/fileName/float4x4.gen.cs: a5bb36679a244217e37dd9fb5d3d2ed4 -> 
  custom:SearchIndexIgnoredProperties: e643bd26f0fe6173181afceb89e7c659 -> 
  custom:scripting/monoscript/fileName/double3x4.gen.cs: d3f6959e28d6480d7d5313a2c890e5a1 -> 
  custom:scripting/monoscript/fileName/bool4x3.gen.cs: 3b9b4adbcec8eec926ee3ca5bd1a9e49 -> 
  custom:AudioImporter_EditorPlatform: 3918e3fc78b5a79bad01e8451be0beb8 -> 
  custom:scripting/monoscript/fileName/half4.gen.cs: abea9356568c8480c38dd790db58969d -> 
  custom:scripting/monoscript/fileName/uint4x3.gen.cs: b01c5cd7a56bd5c67682617427bf7881 -> 
  custom:scripting/monoscript/fileName/noise2D.cs: 2eb29bf877494e27d7b8d68303a33727 -> 
  custom:scripting/monoscript/fileName/bool2.gen.cs: 26e96b66e2dc8fbd46eb4ce6284c510a -> 
  custom:scripting/monoscript/fileName/bool3.gen.cs: 5af2629b3ff9dbb3bbfcc70064a35529 -> 
  custom:scripting/monoscript/fileName/uint4x2.gen.cs: b7591412c0d582e5dffe67f85a90dd0a -> 
  custom:scripting/monoscript/fileName/int3x2.gen.cs: 3713def57441460b7d8181bf2ebb068b -> 
  custom:scripting/monoscript/fileName/random.cs: 773187f16d25a3763332e4d0e08067fb -> 
  custom:scripting/monoscript/fileName/float4.gen.cs: b782c632ec38515e69077afe722e950b -> 
  custom:scripting/monoscript/fileName/uint3x4.gen.cs: 85b37160b72ca5d09aa390a0ed4ac5d3 -> 
  custom:scripting/monoscript/fileName/float3x2.gen.cs: c82cdc670988a624afef0b4a59da9960 -> 
  custom:scripting/monoscript/fileName/int4x2.gen.cs: 03019ae5b6ae2c22f6bcc41f109a6f3f -> 
  custom:scripting/monoscript/fileName/double3.gen.cs: 377c7acd7948bf71aea5d8cf8236ee9b -> 
  custom:framework-osx-AVFoundation: e770b220cccbd017edd2c1fefb359320 -> 
  custom:scripting/monoscript/fileName/uint2.gen.cs: f442e48493395c3c057fa324c1ed7700 -> 
  custom:scripting/monoscript/fileName/float2x3.gen.cs: dd8be2164b904b64628efafb474868f4 -> 
  custom:scripting/monoscript/fileName/cellular2x2x2.cs: 2eb29bf877494e27d7b8d68303a33727 -> 
  custom:scripting/monoscript/fileName/matrix.cs: 17bd875ecbf69296bc7f1415237b5bf7 -> 
  custom:video-encoder-webm-vp8: eb34c28f22e8b96e1ab97ce403110664 -> 
  custom:scripting/monoscript/fileName/cellular3D.cs: 2eb29bf877494e27d7b8d68303a33727 -> 
  custom:scripting/monoscript/fileName/bool3x4.gen.cs: dd64119ecce8747c9d345fc62ed63bff -> 
  custom:audio-decoder-ogg-vorbis: bf7c407c2cedff20999df2af8eb42d56 -> 
  custom:scripting/monoscript/fileName/int2x3.gen.cs: 377af658550da76bc0efa7c5a755eb90 -> 
  custom:scripting/monoscript/fileName/double2x4.gen.cs: 685c5fa921181be1c5c2624181389ad3 -> 
  custom:scripting/monoscript/fileName/uint4.gen.cs: 39973cd09553f87c6828ba478621c98d -> 
  custom:scripting/monoscript/fileName/cellular2D.cs: 2eb29bf877494e27d7b8d68303a33727 -> 
  custom:scripting/monoscript/fileName/double2x3.gen.cs: 2fbeb18c538397a8260f5c41cab0741e -> 
  custom:scripting/monoscript/fileName/int3x4.gen.cs: 8460bfcadb3ac350c26daa6b9595294c -> 
  custom:scripting/monoscript/fileName/noise4D.cs: 2eb29bf877494e27d7b8d68303a33727 -> 
  custom:scripting/monoscript/fileName/psrdnoise2D.cs: 2eb29bf877494e27d7b8d68303a33727 -> 
  custom:scripting/monoscript/fileName/QuaternionDrawer.cs: 11323f18a038f5e869f0b55e53c54a31 -> 
  custom:scripting/monoscript/fileName/common.cs: 2eb29bf877494e27d7b8d68303a33727 -> 
  custom:audio-encoder-webm-vorbis: bf7c407c2cedff20999df2af8eb42d56 -> 
  custom:scripting/monoscript/fileName/uint2x2.gen.cs: ef58eafb69337704525106c30b2f9c86 -> 
  custom:scripting/monoscript/fileName/float3x3.gen.cs: 48f350102ac697de2455487383306e62 -> 
  custom:scripting/monoscript/fileName/float2.gen.cs: 6120954cdb3e1af6bb1e798ca56424e4 -> 
  custom:scripting/monoscript/fileName/bool3x3.gen.cs: f3dd982fcc1d0b33ec635c43c306a1b8 -> 
  custom:scripting/monoscript/fileName/double4x2.gen.cs: 530f8410a1ca9a96d8c16e723573cfae -> 
  custom:scripting/monoscript/fileName/PrimitiveVectorDrawer.cs: 3e4cc385215599322653e09117c642ee -> 
========================================================================
Received Import Request.
  Time since last request: 571715.497455 seconds.
  path: Assets/Photon/PhotonUnityNetworking
  artifactKey: Guid(d2b6672cc770a19438ff06fcb2637630) Importer(815301076,1909f56bfc062723c751e8b465ee728b)
Start importing Assets/Photon/PhotonUnityNetworking using Guid(d2b6672cc770a19438ff06fcb2637630) Importer(815301076,1909f56bfc062723c751e8b465ee728b)  -> (artifact id: 'e2fa658b757c3bcd1aeaf2346479b0b5') in 0.004056 seconds
Number of updated asset objects reloaded before import = 0
Number of asset objects unloaded after import = 0
========================================================================
Received Import Request.
  Time since last request: 0.000097 seconds.
  path: Assets/Photon/PhotonUnityNetworking/Icons
  artifactKey: Guid(ebc245e9a162d7749b96acd14e6d473e) Importer(815301076,1909f56bfc062723c751e8b465ee728b)
Start importing Assets/Photon/PhotonUnityNetworking/Icons using Guid(ebc245e9a162d7749b96acd14e6d473e) Importer(815301076,1909f56bfc062723c751e8b465ee728b)  -> (artifact id: '384e22cd33cf20b41fef7552dec612cf') in 0.000248 seconds
Number of updated asset objects reloaded before import = 0
Number of asset objects unloaded after import = 0
========================================================================
Received Import Request.
  Time since last request: 0.000114 seconds.
  path: Assets/Photon/PhotonUnityNetworking/Demos
  artifactKey: Guid(cb8ec42b3fa78bd4f9a20b7de289d9cd) Importer(815301076,1909f56bfc062723c751e8b465ee728b)
Start importing Assets/Photon/PhotonUnityNetworking/Demos using Guid(cb8ec42b3fa78bd4f9a20b7de289d9cd) Importer(815301076,1909f56bfc062723c751e8b465ee728b)  -> (artifact id: '160ea7bef1043cd3b1f6d9ef3a57ea88') in 0.000208 seconds
Number of updated asset objects reloaded before import = 0
Number of asset objects unloaded after import = 0
========================================================================
Received Prepare
Begin MonoManager ReloadAssembly
Thread 0x3156c7000 may have been prematurely finalized
- Loaded All Assemblies, in  0.469 seconds
Refreshing native plugins compatible for Editor in 2.85 ms, found 5 plugins.
Native extension for OSXStandalone target not found
Native extension for WebGL target not found
[Package Manager] Server::EnsureServerProcessIsRunning -- launch failed, reason: Unity was launched with the -noUpm command-line argument
[Package Manager] UpmClient::Send -- Unable to send message (not connected to UPM process).
[Package Manager] Cannot connect to Unity Package Manager local server
[Package Manager] Server::EnsureServerProcessIsRunning -- launch failed, reason: Unity was launched with the -noUpm command-line argument
[Package Manager] UpmClient::Send -- Unable to send message (not connected to UPM process).
[Package Manager] Cannot connect to Unity Package Manager local server
Mono: successfully reloaded assembly
[Package Manager] Server::EnsureServerProcessIsRunning -- launch failed, reason: Unity was launched with the -noUpm command-line argument
[Package Manager] UpmClient::Send -- Unable to send message (not connected to UPM process).
[Package Manager] Cannot connect to Unity Package Manager local server
- Finished resetting the current domain, in  1.066 seconds
Domain Reload Profiling: 1536ms
	BeginReloadAssembly (210ms)
		ExecutionOrderSort (0ms)
		DisableScriptedObjects (3ms)
		BackupInstance (0ms)
		ReleaseScriptingObjects (0ms)
		CreateAndSetChildDomain (95ms)
	RebuildCommonClasses (32ms)
	RebuildNativeTypeToScriptingClass (9ms)
	initialDomainReloadingComplete (19ms)
	LoadAllAssembliesAndSetupDomain (199ms)
		LoadAssemblies (250ms)
		RebuildTransferFunctionScriptingTraits (0ms)
		AnalyzeDomain (28ms)
			TypeCache.Refresh (10ms)
				TypeCache.ScanAssembly (0ms)
			ScanForSourceGeneratedMonoScriptInfo (0ms)
			ResolveRequiredComponents (17ms)
	FinalizeReload (1067ms)
		ReleaseScriptCaches (0ms)
		RebuildScriptCaches (0ms)
		SetupLoadedEditorAssemblies (428ms)
			LogAssemblyErrors (0ms)
			InitializePlatformSupportModulesInManaged (4ms)
			SetLoadedEditorAssemblies (6ms)
			RefreshPlugins (0ms)
			BeforeProcessingInitializeOnLoad (60ms)
			ProcessInitializeOnLoadAttributes (341ms)
			ProcessInitializeOnLoadMethodAttributes (16ms)
			AfterProcessingInitializeOnLoad (1ms)
			EditorAssembliesLoaded (0ms)
		ExecutionOrderSort2 (0ms)
		AwakeInstancesAfterBackupRestoration (3ms)
Shader 'Oculus/OVRMRCameraFrameLit': fallback shader 'Alpha-Diffuse' not found
Refreshing native plugins compatible for Editor in 3.49 ms, found 5 plugins.
Preloading 1 native plugins for Editor in 0.77 ms.
Unloading 5114 Unused Serialized files (Serialized files now loaded: 0)
Unloading 62 unused Assets / (212.6 KB). Loaded Objects now: 5650.
Memory consumption went from 192.2 MB to 192.0 MB.
Total: 4.490084 ms (FindLiveObjects: 0.325708 ms CreateObjectMapping: 0.114500 ms MarkObjects: 3.566000 ms  DeleteObjects: 0.480500 ms)

Prepare: number of updated asset objects reloaded= 0
AssetImportParameters requested are different than current active one (requested -> active):
  custom:scripting/monoscript/fileName/uint3x3.gen.cs: b354ea0e62ee3ca695eba400f73bf8a2 -> 
  custom:scripting/monoscript/fileName/double4.gen.cs: c861322ff5ab8c01e3e4b508791cf124 -> 
  custom:scripting/monoscript/fileName/rigid_transform.cs: 36bbdd985ffacdf5ee0745cfd3a1f08d -> 
  custom:scripting/monoscript/fileName/PropertyAttributes.cs: f9be6ff8022c2b7e9364b782f234d192 -> 
  custom:scripting/monoscript/fileName/uint4x4.gen.cs: 7732c53bd697b7eb03dd735297da0fc1 -> 
  custom:container-demuxer-ogg: 62fdf1f143b41e24485cea50d1cbac27 -> 
  custom:scripting/monoscript/fileName/int2.gen.cs: ba08380188673eb89fbe6c63125635e5 -> 
  custom:scripting/monoscript/fileName/int4.gen.cs: 6202c51352f8408238811f81cf17884b -> 
  custom:scripting/monoscript/fileName/noise3D.cs: 2eb29bf877494e27d7b8d68303a33727 -> 
  custom:scripting/monoscript/fileName/float4x2.gen.cs: a70cf4e9d29e9357ba0e68d3ee43ce34 -> 
  custom:scripting/monoscript/fileName/half3.gen.cs: 935b3c49f9c5126f28352e4a48406e0a -> 
  custom:scripting/monoscript/fileName/uint2x4.gen.cs: 817d68c720fa6aa9b67a61d7c1b206d0 -> 
  custom:video-decoder-ogg-theora: a1e56fd34408186e4bbccfd4996cb3dc -> 
  custom:scripting/monoscript/fileName/bool4.gen.cs: ca7c0171e1585aef1c2900b66db0977a -> 
  custom:scripting/monoscript/fileName/float4x3.gen.cs: 82da2e74a1c9948cc673acd7425c23e5 -> 
  custom:scripting/monoscript/fileName/float3x4.gen.cs: f425eda36f0a9a6a9785ce693ab31c65 -> 
  custom:scripting/monoscript/fileName/bool4x4.gen.cs: 832d1ba72f52e457d65ecd6ca1ba2b2e -> 
  custom:scripting/monoscript/fileName/math_unity_conversion.cs: 717272b42fdbca1935830b3071b2da3c -> 
  custom:scripting/monoscript/fileName/double3x3.gen.cs: cf2bca4cc9e8b93d47929417a1a999f7 -> 
  custom:scripting/monoscript/fileName/double3x2.gen.cs: 87fbe5b4a5a90e3c915d83933bb7a691 -> 
  custom:scripting/monoscript/fileName/bool3x2.gen.cs: 6ad67e842e9f001f4905675e041c0394 -> 
  custom:scripting/monoscript/fileName/half2.gen.cs: a6f90a50ab057fcfbb93f80dff9467ec -> 
  custom:scripting/monoscript/fileName/Il2CppEagerStaticClassConstructionAttribute.cs: 5ae90a36296d2fe83dd98e9361e907e8 -> 
  custom:scripting/monoscript/fileName/cellular2x2.cs: 2eb29bf877494e27d7b8d68303a33727 -> 
  custom:scripting/monoscript/fileName/half.cs: cf3f2b0bcee127ccdac6d87167bcc406 -> 
  custom:scripting/monoscript/fileName/noise3Dgrad.cs: 2eb29bf877494e27d7b8d68303a33727 -> 
  custom:scripting/monoscript/fileName/bool4x2.gen.cs: 5e92d30f937bc7e4e4a07b2b81c06b27 -> 
  custom:scripting/monoscript/fileName/Plane.cs: 69547098044c0683a5ff9d9b8674a0ba -> 
  custom:CustomObjectIndexerAttribute: 9a22284fe3817be447336de3de66b15e -> 
  custom:scripting/monoscript/fileName/classicnoise3D.cs: 2eb29bf877494e27d7b8d68303a33727 -> 
  custom:scripting/monoscript/fileName/MinMaxAABB.cs: 87e440667b74c17b186d7505988d93e6 -> 
  custom:scripting/monoscript/fileName/double2x2.gen.cs: 1b24b88380b01d73274245c8a3f891ca -> 
  custom:scripting/monoscript/fileName/float2x2.gen.cs: f203c6ed52cbda2033cd1859a76ab02f -> 
  custom:container-demuxer-webm: 4f35f7cbe854078d1ac9338744f61a02 -> 
  custom:scripting/monoscript/fileName/bool2x4.gen.cs: 0202187d1d97b3838c3acec749a94370 -> 
  custom:scripting/monoscript/fileName/uint2x3.gen.cs: dc149d5147f76ef2e3b7b3e87df71cde -> 
  custom:scripting/monoscript/fileName/classicnoise4D.cs: 2eb29bf877494e27d7b8d68303a33727 -> 
  custom:scripting/monoscript/fileName/int4x3.gen.cs: 8504016f71ab8b36158b7cb8a5461a8b -> 
  custom:scripting/monoscript/fileName/classicnoise2D.cs: 2eb29bf877494e27d7b8d68303a33727 -> 
  custom:scripting/monoscript/fileName/MatrixDrawer.cs: 54f407ec7134aa445531b0da7f5e0ded -> 
  custom:scripting/monoscript/fileName/float2x4.gen.cs: 8f6e3792d53a47d3e0816efd26cbabde -> 
  custom:scripting/monoscript/fileName/matrix.gen.cs: 8040951fec6b586df3a34908a47f7536 -> 
  custom:scripting/monoscript/fileName/PostNormalizedVectorDrawer.cs: 1e9cc5a1d5ea64a4691d9edff2f31467 -> 
  custom:scripting/monoscript/fileName/int2x4.gen.cs: 5edaa4c8e18b723d836f4e66d7a2ad24 -> 
  custom:scripting/monoscript/fileName/double2.gen.cs: 9fcc709faf542a3c28101e289489d3c3 -> 
  custom:scripting/monoscript/fileName/bool2x2.gen.cs: 4649c574bdda23c59b5d49d1b662bc61 -> 
  custom:scripting/monoscript/fileName/uint3x2.gen.cs: e9ed99b7eae876425b9236af5d545e3a -> 
  custom:scripting/monoscript/fileName/int2x2.gen.cs: 63739a46f5092b211c341383068e9d3a -> 
  custom:scripting/monoscript/fileName/uint3.gen.cs: 2439c557987b3f1dafd36143ddfb8c40 -> 
  custom:scripting/monoscript/fileName/double4x4.gen.cs: d67599d4a9300cb241e4695cd70324ae -> 
  custom:container-muxer-webm: aa71ff27fc2769a1b78a27578f13a17b -> 
  custom:scripting/monoscript/fileName/bool2x3.gen.cs: c45708c9bd53a8b7f658164314a10c61 -> 
  custom:scripting/monoscript/fileName/math.cs: 3e1f77dfafdda862ef1fdae58189cdb5 -> 
  custom:scripting/monoscript/fileName/double4x3.gen.cs: 0f480b77cbe2235a6a07fec4a8104303 -> 
  custom:video-decoder-webm-vp8: 9c59270c3fd7afecdb556c50c9e8de78 -> 
  custom:scripting/monoscript/fileName/float3.gen.cs: 61e461104f30d07064c299c5ac2c9a3e -> 
  custom:scripting/monoscript/fileName/int3.gen.cs: f3e7aece5ea81aaaacfae8f3b0dbf645 -> 
  custom:scripting/monoscript/fileName/int3x3.gen.cs: dc1405f0f1704a2ec1efb4946b5d5f85 -> 
  custom:scripting/monoscript/fileName/quaternion.cs: 0762c6482396ed4f34408952c0956647 -> 
  custom:scripting/monoscript/fileName/int4x4.gen.cs: e1c5029dddb71a1513ebdf470db7528e -> 
  custom:scripting/monoscript/fileName/float4x4.gen.cs: a5bb36679a244217e37dd9fb5d3d2ed4 -> 
  custom:SearchIndexIgnoredProperties: e643bd26f0fe6173181afceb89e7c659 -> 
  custom:scripting/monoscript/fileName/double3x4.gen.cs: d3f6959e28d6480d7d5313a2c890e5a1 -> 
  custom:scripting/monoscript/fileName/bool4x3.gen.cs: 3b9b4adbcec8eec926ee3ca5bd1a9e49 -> 
  custom:AudioImporter_EditorPlatform: 3918e3fc78b5a79bad01e8451be0beb8 -> 
  custom:scripting/monoscript/fileName/half4.gen.cs: abea9356568c8480c38dd790db58969d -> 
  custom:scripting/monoscript/fileName/uint4x3.gen.cs: b01c5cd7a56bd5c67682617427bf7881 -> 
  custom:scripting/monoscript/fileName/noise2D.cs: 2eb29bf877494e27d7b8d68303a33727 -> 
  custom:scripting/monoscript/fileName/bool2.gen.cs: 26e96b66e2dc8fbd46eb4ce6284c510a -> 
  custom:scripting/monoscript/fileName/bool3.gen.cs: 5af2629b3ff9dbb3bbfcc70064a35529 -> 
  custom:scripting/monoscript/fileName/uint4x2.gen.cs: b7591412c0d582e5dffe67f85a90dd0a -> 
  custom:scripting/monoscript/fileName/int3x2.gen.cs: 3713def57441460b7d8181bf2ebb068b -> 
  custom:scripting/monoscript/fileName/random.cs: 773187f16d25a3763332e4d0e08067fb -> 
  custom:scripting/monoscript/fileName/float4.gen.cs: b782c632ec38515e69077afe722e950b -> 
  custom:scripting/monoscript/fileName/uint3x4.gen.cs: 85b37160b72ca5d09aa390a0ed4ac5d3 -> 
  custom:scripting/monoscript/fileName/float3x2.gen.cs: c82cdc670988a624afef0b4a59da9960 -> 
  custom:scripting/monoscript/fileName/int4x2.gen.cs: 03019ae5b6ae2c22f6bcc41f109a6f3f -> 
  custom:scripting/monoscript/fileName/double3.gen.cs: 377c7acd7948bf71aea5d8cf8236ee9b -> 
  custom:framework-osx-AVFoundation: e770b220cccbd017edd2c1fefb359320 -> 
  custom:scripting/monoscript/fileName/uint2.gen.cs: f442e48493395c3c057fa324c1ed7700 -> 
  custom:scripting/monoscript/fileName/float2x3.gen.cs: dd8be2164b904b64628efafb474868f4 -> 
  custom:scripting/monoscript/fileName/cellular2x2x2.cs: 2eb29bf877494e27d7b8d68303a33727 -> 
  custom:scripting/monoscript/fileName/matrix.cs: 17bd875ecbf69296bc7f1415237b5bf7 -> 
  custom:video-encoder-webm-vp8: eb34c28f22e8b96e1ab97ce403110664 -> 
  custom:scripting/monoscript/fileName/cellular3D.cs: 2eb29bf877494e27d7b8d68303a33727 -> 
  custom:scripting/monoscript/fileName/bool3x4.gen.cs: dd64119ecce8747c9d345fc62ed63bff -> 
  custom:audio-decoder-ogg-vorbis: bf7c407c2cedff20999df2af8eb42d56 -> 
  custom:scripting/monoscript/fileName/int2x3.gen.cs: 377af658550da76bc0efa7c5a755eb90 -> 
  custom:scripting/monoscript/fileName/double2x4.gen.cs: 685c5fa921181be1c5c2624181389ad3 -> 
  custom:scripting/monoscript/fileName/uint4.gen.cs: 39973cd09553f87c6828ba478621c98d -> 
  custom:scripting/monoscript/fileName/cellular2D.cs: 2eb29bf877494e27d7b8d68303a33727 -> 
  custom:scripting/monoscript/fileName/double2x3.gen.cs: 2fbeb18c538397a8260f5c41cab0741e -> 
  custom:scripting/monoscript/fileName/int3x4.gen.cs: 8460bfcadb3ac350c26daa6b9595294c -> 
  custom:scripting/monoscript/fileName/noise4D.cs: 2eb29bf877494e27d7b8d68303a33727 -> 
  custom:scripting/monoscript/fileName/psrdnoise2D.cs: 2eb29bf877494e27d7b8d68303a33727 -> 
  custom:scripting/monoscript/fileName/QuaternionDrawer.cs: 11323f18a038f5e869f0b55e53c54a31 -> 
  custom:scripting/monoscript/fileName/common.cs: 2eb29bf877494e27d7b8d68303a33727 -> 
  custom:audio-encoder-webm-vorbis: bf7c407c2cedff20999df2af8eb42d56 -> 
  custom:scripting/monoscript/fileName/uint2x2.gen.cs: ef58eafb69337704525106c30b2f9c86 -> 
  custom:scripting/monoscript/fileName/float3x3.gen.cs: 48f350102ac697de2455487383306e62 -> 
  custom:scripting/monoscript/fileName/float2.gen.cs: 6120954cdb3e1af6bb1e798ca56424e4 -> 
  custom:scripting/monoscript/fileName/bool3x3.gen.cs: f3dd982fcc1d0b33ec635c43c306a1b8 -> 
  custom:scripting/monoscript/fileName/double4x2.gen.cs: 530f8410a1ca9a96d8c16e723573cfae -> 
  custom:scripting/monoscript/fileName/PrimitiveVectorDrawer.cs: 3e4cc385215599322653e09117c642ee -> 
========================================================================
Received Prepare
Begin MonoManager ReloadAssembly
Thread 0x17d9ff000 may have been prematurely finalized
- Loaded All Assemblies, in  0.669 seconds
Refreshing native plugins compatible for Editor in 2.82 ms, found 5 plugins.
Native extension for OSXStandalone target not found
Native extension for WebGL target not found
[Package Manager] Server::EnsureServerProcessIsRunning -- launch failed, reason: Unity was launched with the -noUpm command-line argument
[Package Manager] UpmClient::Send -- Unable to send message (not connected to UPM process).
[Package Manager] Cannot connect to Unity Package Manager local server
[Package Manager] Server::EnsureServerProcessIsRunning -- launch failed, reason: Unity was launched with the -noUpm command-line argument
[Package Manager] UpmClient::Send -- Unable to send message (not connected to UPM process).
[Package Manager] Cannot connect to Unity Package Manager local server
Mono: successfully reloaded assembly
[Package Manager] Server::EnsureServerProcessIsRunning -- launch failed, reason: Unity was launched with the -noUpm command-line argument
[Package Manager] UpmClient::Send -- Unable to send message (not connected to UPM process).
[Package Manager] Cannot connect to Unity Package Manager local server
- Finished resetting the current domain, in  1.203 seconds
Domain Reload Profiling: 1874ms
	BeginReloadAssembly (239ms)
		ExecutionOrderSort (0ms)
		DisableScriptedObjects (3ms)
		BackupInstance (0ms)
		ReleaseScriptingObjects (0ms)
		CreateAndSetChildDomain (108ms)
	RebuildCommonClasses (30ms)
	RebuildNativeTypeToScriptingClass (9ms)
	initialDomainReloadingComplete (21ms)
	LoadAllAssembliesAndSetupDomain (370ms)
		LoadAssemblies (423ms)
		RebuildTransferFunctionScriptingTraits (0ms)
		AnalyzeDomain (37ms)
			TypeCache.Refresh (18ms)
				TypeCache.ScanAssembly (0ms)
			ScanForSourceGeneratedMonoScriptInfo (0ms)
			ResolveRequiredComponents (18ms)
	FinalizeReload (1204ms)
		ReleaseScriptCaches (0ms)
		RebuildScriptCaches (0ms)
		SetupLoadedEditorAssemblies (471ms)
			LogAssemblyErrors (0ms)
			InitializePlatformSupportModulesInManaged (4ms)
			SetLoadedEditorAssemblies (5ms)
			RefreshPlugins (0ms)
			BeforeProcessingInitializeOnLoad (62ms)
			ProcessInitializeOnLoadAttributes (382ms)
			ProcessInitializeOnLoadMethodAttributes (16ms)
			AfterProcessingInitializeOnLoad (1ms)
			EditorAssembliesLoaded (0ms)
		ExecutionOrderSort2 (0ms)
		AwakeInstancesAfterBackupRestoration (3ms)
Shader 'Oculus/OVRMRCameraFrameLit': fallback shader 'Alpha-Diffuse' not found
Refreshing native plugins compatible for Editor in 3.60 ms, found 5 plugins.
Preloading 1 native plugins for Editor in 0.50 ms.
Unloading 5115 Unused Serialized files (Serialized files now loaded: 0)
Unloading 62 unused Assets / (228.8 KB). Loaded Objects now: 5655.
Memory consumption went from 202.9 MB to 202.6 MB.
Total: 6.370042 ms (FindLiveObjects: 0.405167 ms CreateObjectMapping: 0.118708 ms MarkObjects: 5.118792 ms  DeleteObjects: 0.724958 ms)

Prepare: number of updated asset objects reloaded= 0
AssetImportParameters requested are different than current active one (requested -> active):
  custom:scripting/monoscript/fileName/uint3x3.gen.cs: b354ea0e62ee3ca695eba400f73bf8a2 -> 
  custom:scripting/monoscript/fileName/double4.gen.cs: c861322ff5ab8c01e3e4b508791cf124 -> 
  custom:scripting/monoscript/fileName/rigid_transform.cs: 36bbdd985ffacdf5ee0745cfd3a1f08d -> 
  custom:scripting/monoscript/fileName/PropertyAttributes.cs: f9be6ff8022c2b7e9364b782f234d192 -> 
  custom:scripting/monoscript/fileName/uint4x4.gen.cs: 7732c53bd697b7eb03dd735297da0fc1 -> 
  custom:container-demuxer-ogg: 62fdf1f143b41e24485cea50d1cbac27 -> 
  custom:scripting/monoscript/fileName/int2.gen.cs: ba08380188673eb89fbe6c63125635e5 -> 
  custom:scripting/monoscript/fileName/int4.gen.cs: 6202c51352f8408238811f81cf17884b -> 
  custom:scripting/monoscript/fileName/noise3D.cs: 2eb29bf877494e27d7b8d68303a33727 -> 
  custom:scripting/monoscript/fileName/float4x2.gen.cs: a70cf4e9d29e9357ba0e68d3ee43ce34 -> 
  custom:scripting/monoscript/fileName/half3.gen.cs: 935b3c49f9c5126f28352e4a48406e0a -> 
  custom:scripting/monoscript/fileName/uint2x4.gen.cs: 817d68c720fa6aa9b67a61d7c1b206d0 -> 
  custom:video-decoder-ogg-theora: a1e56fd34408186e4bbccfd4996cb3dc -> 
  custom:scripting/monoscript/fileName/bool4.gen.cs: ca7c0171e1585aef1c2900b66db0977a -> 
  custom:scripting/monoscript/fileName/float4x3.gen.cs: 82da2e74a1c9948cc673acd7425c23e5 -> 
  custom:scripting/monoscript/fileName/float3x4.gen.cs: f425eda36f0a9a6a9785ce693ab31c65 -> 
  custom:scripting/monoscript/fileName/bool4x4.gen.cs: 832d1ba72f52e457d65ecd6ca1ba2b2e -> 
  custom:scripting/monoscript/fileName/math_unity_conversion.cs: 717272b42fdbca1935830b3071b2da3c -> 
  custom:scripting/monoscript/fileName/double3x3.gen.cs: cf2bca4cc9e8b93d47929417a1a999f7 -> 
  custom:scripting/monoscript/fileName/double3x2.gen.cs: 87fbe5b4a5a90e3c915d83933bb7a691 -> 
  custom:scripting/monoscript/fileName/bool3x2.gen.cs: 6ad67e842e9f001f4905675e041c0394 -> 
  custom:scripting/monoscript/fileName/half2.gen.cs: a6f90a50ab057fcfbb93f80dff9467ec -> 
  custom:scripting/monoscript/fileName/Il2CppEagerStaticClassConstructionAttribute.cs: 5ae90a36296d2fe83dd98e9361e907e8 -> 
  custom:scripting/monoscript/fileName/cellular2x2.cs: 2eb29bf877494e27d7b8d68303a33727 -> 
  custom:scripting/monoscript/fileName/half.cs: cf3f2b0bcee127ccdac6d87167bcc406 -> 
  custom:scripting/monoscript/fileName/noise3Dgrad.cs: 2eb29bf877494e27d7b8d68303a33727 -> 
  custom:scripting/monoscript/fileName/bool4x2.gen.cs: 5e92d30f937bc7e4e4a07b2b81c06b27 -> 
  custom:scripting/monoscript/fileName/Plane.cs: 69547098044c0683a5ff9d9b8674a0ba -> 
  custom:CustomObjectIndexerAttribute: 9a22284fe3817be447336de3de66b15e -> 
  custom:scripting/monoscript/fileName/classicnoise3D.cs: 2eb29bf877494e27d7b8d68303a33727 -> 
  custom:scripting/monoscript/fileName/MinMaxAABB.cs: 87e440667b74c17b186d7505988d93e6 -> 
  custom:scripting/monoscript/fileName/double2x2.gen.cs: 1b24b88380b01d73274245c8a3f891ca -> 
  custom:scripting/monoscript/fileName/float2x2.gen.cs: f203c6ed52cbda2033cd1859a76ab02f -> 
  custom:container-demuxer-webm: 4f35f7cbe854078d1ac9338744f61a02 -> 
  custom:scripting/monoscript/fileName/bool2x4.gen.cs: 0202187d1d97b3838c3acec749a94370 -> 
  custom:scripting/monoscript/fileName/uint2x3.gen.cs: dc149d5147f76ef2e3b7b3e87df71cde -> 
  custom:scripting/monoscript/fileName/classicnoise4D.cs: 2eb29bf877494e27d7b8d68303a33727 -> 
  custom:scripting/monoscript/fileName/int4x3.gen.cs: 8504016f71ab8b36158b7cb8a5461a8b -> 
  custom:scripting/monoscript/fileName/classicnoise2D.cs: 2eb29bf877494e27d7b8d68303a33727 -> 
  custom:scripting/monoscript/fileName/MatrixDrawer.cs: 54f407ec7134aa445531b0da7f5e0ded -> 
  custom:scripting/monoscript/fileName/float2x4.gen.cs: 8f6e3792d53a47d3e0816efd26cbabde -> 
  custom:scripting/monoscript/fileName/matrix.gen.cs: 8040951fec6b586df3a34908a47f7536 -> 
  custom:scripting/monoscript/fileName/PostNormalizedVectorDrawer.cs: 1e9cc5a1d5ea64a4691d9edff2f31467 -> 
  custom:scripting/monoscript/fileName/int2x4.gen.cs: 5edaa4c8e18b723d836f4e66d7a2ad24 -> 
  custom:scripting/monoscript/fileName/double2.gen.cs: 9fcc709faf542a3c28101e289489d3c3 -> 
  custom:scripting/monoscript/fileName/bool2x2.gen.cs: 4649c574bdda23c59b5d49d1b662bc61 -> 
  custom:scripting/monoscript/fileName/uint3x2.gen.cs: e9ed99b7eae876425b9236af5d545e3a -> 
  custom:scripting/monoscript/fileName/int2x2.gen.cs: 63739a46f5092b211c341383068e9d3a -> 
  custom:scripting/monoscript/fileName/uint3.gen.cs: 2439c557987b3f1dafd36143ddfb8c40 -> 
  custom:scripting/monoscript/fileName/double4x4.gen.cs: d67599d4a9300cb241e4695cd70324ae -> 
  custom:container-muxer-webm: aa71ff27fc2769a1b78a27578f13a17b -> 
  custom:scripting/monoscript/fileName/bool2x3.gen.cs: c45708c9bd53a8b7f658164314a10c61 -> 
  custom:scripting/monoscript/fileName/math.cs: 3e1f77dfafdda862ef1fdae58189cdb5 -> 
  custom:scripting/monoscript/fileName/double4x3.gen.cs: 0f480b77cbe2235a6a07fec4a8104303 -> 
  custom:video-decoder-webm-vp8: 9c59270c3fd7afecdb556c50c9e8de78 -> 
  custom:scripting/monoscript/fileName/float3.gen.cs: 61e461104f30d07064c299c5ac2c9a3e -> 
  custom:scripting/monoscript/fileName/int3.gen.cs: f3e7aece5ea81aaaacfae8f3b0dbf645 -> 
  custom:scripting/monoscript/fileName/int3x3.gen.cs: dc1405f0f1704a2ec1efb4946b5d5f85 -> 
  custom:scripting/monoscript/fileName/quaternion.cs: 0762c6482396ed4f34408952c0956647 -> 
  custom:scripting/monoscript/fileName/int4x4.gen.cs: e1c5029dddb71a1513ebdf470db7528e -> 
  custom:scripting/monoscript/fileName/float4x4.gen.cs: a5bb36679a244217e37dd9fb5d3d2ed4 -> 
  custom:SearchIndexIgnoredProperties: e643bd26f0fe6173181afceb89e7c659 -> 
  custom:scripting/monoscript/fileName/double3x4.gen.cs: d3f6959e28d6480d7d5313a2c890e5a1 -> 
  custom:scripting/monoscript/fileName/bool4x3.gen.cs: 3b9b4adbcec8eec926ee3ca5bd1a9e49 -> 
  custom:AudioImporter_EditorPlatform: 3918e3fc78b5a79bad01e8451be0beb8 -> 
  custom:scripting/monoscript/fileName/half4.gen.cs: abea9356568c8480c38dd790db58969d -> 
  custom:scripting/monoscript/fileName/uint4x3.gen.cs: b01c5cd7a56bd5c67682617427bf7881 -> 
  custom:scripting/monoscript/fileName/noise2D.cs: 2eb29bf877494e27d7b8d68303a33727 -> 
  custom:scripting/monoscript/fileName/bool2.gen.cs: 26e96b66e2dc8fbd46eb4ce6284c510a -> 
  custom:scripting/monoscript/fileName/bool3.gen.cs: 5af2629b3ff9dbb3bbfcc70064a35529 -> 
  custom:scripting/monoscript/fileName/uint4x2.gen.cs: b7591412c0d582e5dffe67f85a90dd0a -> 
  custom:scripting/monoscript/fileName/int3x2.gen.cs: 3713def57441460b7d8181bf2ebb068b -> 
  custom:scripting/monoscript/fileName/random.cs: 773187f16d25a3763332e4d0e08067fb -> 
  custom:scripting/monoscript/fileName/float4.gen.cs: b782c632ec38515e69077afe722e950b -> 
  custom:scripting/monoscript/fileName/uint3x4.gen.cs: 85b37160b72ca5d09aa390a0ed4ac5d3 -> 
  custom:scripting/monoscript/fileName/float3x2.gen.cs: c82cdc670988a624afef0b4a59da9960 -> 
  custom:scripting/monoscript/fileName/int4x2.gen.cs: 03019ae5b6ae2c22f6bcc41f109a6f3f -> 
  custom:scripting/monoscript/fileName/double3.gen.cs: 377c7acd7948bf71aea5d8cf8236ee9b -> 
  custom:framework-osx-AVFoundation: e770b220cccbd017edd2c1fefb359320 -> 
  custom:scripting/monoscript/fileName/uint2.gen.cs: f442e48493395c3c057fa324c1ed7700 -> 
  custom:scripting/monoscript/fileName/float2x3.gen.cs: dd8be2164b904b64628efafb474868f4 -> 
  custom:scripting/monoscript/fileName/cellular2x2x2.cs: 2eb29bf877494e27d7b8d68303a33727 -> 
  custom:scripting/monoscript/fileName/matrix.cs: 17bd875ecbf69296bc7f1415237b5bf7 -> 
  custom:video-encoder-webm-vp8: eb34c28f22e8b96e1ab97ce403110664 -> 
  custom:scripting/monoscript/fileName/cellular3D.cs: 2eb29bf877494e27d7b8d68303a33727 -> 
  custom:scripting/monoscript/fileName/bool3x4.gen.cs: dd64119ecce8747c9d345fc62ed63bff -> 
  custom:audio-decoder-ogg-vorbis: bf7c407c2cedff20999df2af8eb42d56 -> 
  custom:scripting/monoscript/fileName/int2x3.gen.cs: 377af658550da76bc0efa7c5a755eb90 -> 
  custom:scripting/monoscript/fileName/double2x4.gen.cs: 685c5fa921181be1c5c2624181389ad3 -> 
  custom:scripting/monoscript/fileName/uint4.gen.cs: 39973cd09553f87c6828ba478621c98d -> 
  custom:scripting/monoscript/fileName/cellular2D.cs: 2eb29bf877494e27d7b8d68303a33727 -> 
  custom:scripting/monoscript/fileName/double2x3.gen.cs: 2fbeb18c538397a8260f5c41cab0741e -> 
  custom:scripting/monoscript/fileName/int3x4.gen.cs: 8460bfcadb3ac350c26daa6b9595294c -> 
  custom:scripting/monoscript/fileName/noise4D.cs: 2eb29bf877494e27d7b8d68303a33727 -> 
  custom:scripting/monoscript/fileName/psrdnoise2D.cs: 2eb29bf877494e27d7b8d68303a33727 -> 
  custom:scripting/monoscript/fileName/QuaternionDrawer.cs: 11323f18a038f5e869f0b55e53c54a31 -> 
  custom:scripting/monoscript/fileName/common.cs: 2eb29bf877494e27d7b8d68303a33727 -> 
  custom:audio-encoder-webm-vorbis: bf7c407c2cedff20999df2af8eb42d56 -> 
  custom:scripting/monoscript/fileName/uint2x2.gen.cs: ef58eafb69337704525106c30b2f9c86 -> 
  custom:scripting/monoscript/fileName/float3x3.gen.cs: 48f350102ac697de2455487383306e62 -> 
  custom:scripting/monoscript/fileName/float2.gen.cs: 6120954cdb3e1af6bb1e798ca56424e4 -> 
  custom:scripting/monoscript/fileName/bool3x3.gen.cs: f3dd982fcc1d0b33ec635c43c306a1b8 -> 
  custom:scripting/monoscript/fileName/double4x2.gen.cs: 530f8410a1ca9a96d8c16e723573cfae -> 
  custom:scripting/monoscript/fileName/PrimitiveVectorDrawer.cs: 3e4cc385215599322653e09117c642ee -> 
========================================================================
Received Prepare
Begin MonoManager ReloadAssembly
Thread 0x17da87000 may have been prematurely finalized
- Loaded All Assemblies, in  0.512 seconds
Refreshing native plugins compatible for Editor in 3.00 ms, found 5 plugins.
Native extension for OSXStandalone target not found
Native extension for WebGL target not found
[Package Manager] Server::EnsureServerProcessIsRunning -- launch failed, reason: Unity was launched with the -noUpm command-line argument
[Package Manager] UpmClient::Send -- Unable to send message (not connected to UPM process).
[Package Manager] Cannot connect to Unity Package Manager local server
[Package Manager] Server::EnsureServerProcessIsRunning -- launch failed, reason: Unity was launched with the -noUpm command-line argument
[Package Manager] UpmClient::Send -- Unable to send message (not connected to UPM process).
[Package Manager] Cannot connect to Unity Package Manager local server
Mono: successfully reloaded assembly
[Package Manager] Server::EnsureServerProcessIsRunning -- launch failed, reason: Unity was launched with the -noUpm command-line argument
[Package Manager] UpmClient::Send -- Unable to send message (not connected to UPM process).
[Package Manager] Cannot connect to Unity Package Manager local server
- Finished resetting the current domain, in  0.983 seconds
Domain Reload Profiling: 1496ms
	BeginReloadAssembly (198ms)
		ExecutionOrderSort (0ms)
		DisableScriptedObjects (3ms)
		BackupInstance (0ms)
		ReleaseScriptingObjects (0ms)
		CreateAndSetChildDomain (125ms)
	RebuildCommonClasses (30ms)
	RebuildNativeTypeToScriptingClass (10ms)
	initialDomainReloadingComplete (21ms)
	LoadAllAssembliesAndSetupDomain (254ms)
		LoadAssemblies (250ms)
		RebuildTransferFunctionScriptingTraits (0ms)
		AnalyzeDomain (46ms)
			TypeCache.Refresh (21ms)
				TypeCache.ScanAssembly (0ms)
			ScanForSourceGeneratedMonoScriptInfo (0ms)
			ResolveRequiredComponents (24ms)
	FinalizeReload (983ms)
		ReleaseScriptCaches (0ms)
		RebuildScriptCaches (0ms)
		SetupLoadedEditorAssemblies (451ms)
			LogAssemblyErrors (0ms)
			InitializePlatformSupportModulesInManaged (4ms)
			SetLoadedEditorAssemblies (5ms)
			RefreshPlugins (0ms)
			BeforeProcessingInitializeOnLoad (63ms)
			ProcessInitializeOnLoadAttributes (362ms)
			ProcessInitializeOnLoadMethodAttributes (17ms)
			AfterProcessingInitializeOnLoad (1ms)
			EditorAssembliesLoaded (0ms)
		ExecutionOrderSort2 (0ms)
		AwakeInstancesAfterBackupRestoration (3ms)
Shader 'Oculus/OVRMRCameraFrameLit': fallback shader 'Alpha-Diffuse' not found
Refreshing native plugins compatible for Editor in 3.49 ms, found 5 plugins.
Preloading 1 native plugins for Editor in 0.63 ms.
Unloading 5115 Unused Serialized files (Serialized files now loaded: 0)
Unloading 62 unused Assets / (212.7 KB). Loaded Objects now: 5660.
Memory consumption went from 213.4 MB to 213.2 MB.
Total: 4.891750 ms (FindLiveObjects: 0.313208 ms CreateObjectMapping: 0.097083 ms MarkObjects: 4.267750 ms  DeleteObjects: 0.213208 ms)

Prepare: number of updated asset objects reloaded= 0
AssetImportParameters requested are different than current active one (requested -> active):
  custom:scripting/monoscript/fileName/uint3x3.gen.cs: b354ea0e62ee3ca695eba400f73bf8a2 -> 
  custom:scripting/monoscript/fileName/double4.gen.cs: c861322ff5ab8c01e3e4b508791cf124 -> 
  custom:scripting/monoscript/fileName/rigid_transform.cs: 36bbdd985ffacdf5ee0745cfd3a1f08d -> 
  custom:scripting/monoscript/fileName/PropertyAttributes.cs: f9be6ff8022c2b7e9364b782f234d192 -> 
  custom:scripting/monoscript/fileName/uint4x4.gen.cs: 7732c53bd697b7eb03dd735297da0fc1 -> 
  custom:container-demuxer-ogg: 62fdf1f143b41e24485cea50d1cbac27 -> 
  custom:scripting/monoscript/fileName/int2.gen.cs: ba08380188673eb89fbe6c63125635e5 -> 
  custom:scripting/monoscript/fileName/int4.gen.cs: 6202c51352f8408238811f81cf17884b -> 
  custom:scripting/monoscript/fileName/noise3D.cs: 2eb29bf877494e27d7b8d68303a33727 -> 
  custom:scripting/monoscript/fileName/float4x2.gen.cs: a70cf4e9d29e9357ba0e68d3ee43ce34 -> 
  custom:scripting/monoscript/fileName/half3.gen.cs: 935b3c49f9c5126f28352e4a48406e0a -> 
  custom:scripting/monoscript/fileName/uint2x4.gen.cs: 817d68c720fa6aa9b67a61d7c1b206d0 -> 
  custom:video-decoder-ogg-theora: a1e56fd34408186e4bbccfd4996cb3dc -> 
  custom:scripting/monoscript/fileName/bool4.gen.cs: ca7c0171e1585aef1c2900b66db0977a -> 
  custom:scripting/monoscript/fileName/float4x3.gen.cs: 82da2e74a1c9948cc673acd7425c23e5 -> 
  custom:scripting/monoscript/fileName/float3x4.gen.cs: f425eda36f0a9a6a9785ce693ab31c65 -> 
  custom:scripting/monoscript/fileName/bool4x4.gen.cs: 832d1ba72f52e457d65ecd6ca1ba2b2e -> 
  custom:scripting/monoscript/fileName/math_unity_conversion.cs: 717272b42fdbca1935830b3071b2da3c -> 
  custom:scripting/monoscript/fileName/double3x3.gen.cs: cf2bca4cc9e8b93d47929417a1a999f7 -> 
  custom:scripting/monoscript/fileName/double3x2.gen.cs: 87fbe5b4a5a90e3c915d83933bb7a691 -> 
  custom:scripting/monoscript/fileName/bool3x2.gen.cs: 6ad67e842e9f001f4905675e041c0394 -> 
  custom:scripting/monoscript/fileName/half2.gen.cs: a6f90a50ab057fcfbb93f80dff9467ec -> 
  custom:scripting/monoscript/fileName/Il2CppEagerStaticClassConstructionAttribute.cs: 5ae90a36296d2fe83dd98e9361e907e8 -> 
  custom:scripting/monoscript/fileName/cellular2x2.cs: 2eb29bf877494e27d7b8d68303a33727 -> 
  custom:scripting/monoscript/fileName/half.cs: cf3f2b0bcee127ccdac6d87167bcc406 -> 
  custom:scripting/monoscript/fileName/noise3Dgrad.cs: 2eb29bf877494e27d7b8d68303a33727 -> 
  custom:scripting/monoscript/fileName/bool4x2.gen.cs: 5e92d30f937bc7e4e4a07b2b81c06b27 -> 
  custom:scripting/monoscript/fileName/Plane.cs: 69547098044c0683a5ff9d9b8674a0ba -> 
  custom:CustomObjectIndexerAttribute: 9a22284fe3817be447336de3de66b15e -> 
  custom:scripting/monoscript/fileName/classicnoise3D.cs: 2eb29bf877494e27d7b8d68303a33727 -> 
  custom:scripting/monoscript/fileName/MinMaxAABB.cs: 87e440667b74c17b186d7505988d93e6 -> 
  custom:scripting/monoscript/fileName/double2x2.gen.cs: 1b24b88380b01d73274245c8a3f891ca -> 
  custom:scripting/monoscript/fileName/float2x2.gen.cs: f203c6ed52cbda2033cd1859a76ab02f -> 
  custom:container-demuxer-webm: 4f35f7cbe854078d1ac9338744f61a02 -> 
  custom:scripting/monoscript/fileName/bool2x4.gen.cs: 0202187d1d97b3838c3acec749a94370 -> 
  custom:scripting/monoscript/fileName/uint2x3.gen.cs: dc149d5147f76ef2e3b7b3e87df71cde -> 
  custom:scripting/monoscript/fileName/classicnoise4D.cs: 2eb29bf877494e27d7b8d68303a33727 -> 
  custom:scripting/monoscript/fileName/int4x3.gen.cs: 8504016f71ab8b36158b7cb8a5461a8b -> 
  custom:scripting/monoscript/fileName/classicnoise2D.cs: 2eb29bf877494e27d7b8d68303a33727 -> 
  custom:scripting/monoscript/fileName/MatrixDrawer.cs: 54f407ec7134aa445531b0da7f5e0ded -> 
  custom:scripting/monoscript/fileName/float2x4.gen.cs: 8f6e3792d53a47d3e0816efd26cbabde -> 
  custom:scripting/monoscript/fileName/matrix.gen.cs: 8040951fec6b586df3a34908a47f7536 -> 
  custom:scripting/monoscript/fileName/PostNormalizedVectorDrawer.cs: 1e9cc5a1d5ea64a4691d9edff2f31467 -> 
  custom:scripting/monoscript/fileName/int2x4.gen.cs: 5edaa4c8e18b723d836f4e66d7a2ad24 -> 
  custom:scripting/monoscript/fileName/double2.gen.cs: 9fcc709faf542a3c28101e289489d3c3 -> 
  custom:scripting/monoscript/fileName/bool2x2.gen.cs: 4649c574bdda23c59b5d49d1b662bc61 -> 
  custom:scripting/monoscript/fileName/uint3x2.gen.cs: e9ed99b7eae876425b9236af5d545e3a -> 
  custom:scripting/monoscript/fileName/int2x2.gen.cs: 63739a46f5092b211c341383068e9d3a -> 
  custom:scripting/monoscript/fileName/uint3.gen.cs: 2439c557987b3f1dafd36143ddfb8c40 -> 
  custom:scripting/monoscript/fileName/double4x4.gen.cs: d67599d4a9300cb241e4695cd70324ae -> 
  custom:container-muxer-webm: aa71ff27fc2769a1b78a27578f13a17b -> 
  custom:scripting/monoscript/fileName/bool2x3.gen.cs: c45708c9bd53a8b7f658164314a10c61 -> 
  custom:scripting/monoscript/fileName/math.cs: 3e1f77dfafdda862ef1fdae58189cdb5 -> 
  custom:scripting/monoscript/fileName/double4x3.gen.cs: 0f480b77cbe2235a6a07fec4a8104303 -> 
  custom:video-decoder-webm-vp8: 9c59270c3fd7afecdb556c50c9e8de78 -> 
  custom:scripting/monoscript/fileName/float3.gen.cs: 61e461104f30d07064c299c5ac2c9a3e -> 
  custom:scripting/monoscript/fileName/int3.gen.cs: f3e7aece5ea81aaaacfae8f3b0dbf645 -> 
  custom:scripting/monoscript/fileName/int3x3.gen.cs: dc1405f0f1704a2ec1efb4946b5d5f85 -> 
  custom:scripting/monoscript/fileName/quaternion.cs: 0762c6482396ed4f34408952c0956647 -> 
  custom:scripting/monoscript/fileName/int4x4.gen.cs: e1c5029dddb71a1513ebdf470db7528e -> 
  custom:scripting/monoscript/fileName/float4x4.gen.cs: a5bb36679a244217e37dd9fb5d3d2ed4 -> 
  custom:SearchIndexIgnoredProperties: e643bd26f0fe6173181afceb89e7c659 -> 
  custom:scripting/monoscript/fileName/double3x4.gen.cs: d3f6959e28d6480d7d5313a2c890e5a1 -> 
  custom:scripting/monoscript/fileName/bool4x3.gen.cs: 3b9b4adbcec8eec926ee3ca5bd1a9e49 -> 
  custom:AudioImporter_EditorPlatform: 3918e3fc78b5a79bad01e8451be0beb8 -> 
  custom:scripting/monoscript/fileName/half4.gen.cs: abea9356568c8480c38dd790db58969d -> 
  custom:scripting/monoscript/fileName/uint4x3.gen.cs: b01c5cd7a56bd5c67682617427bf7881 -> 
  custom:scripting/monoscript/fileName/noise2D.cs: 2eb29bf877494e27d7b8d68303a33727 -> 
  custom:scripting/monoscript/fileName/bool2.gen.cs: 26e96b66e2dc8fbd46eb4ce6284c510a -> 
  custom:scripting/monoscript/fileName/bool3.gen.cs: 5af2629b3ff9dbb3bbfcc70064a35529 -> 
  custom:scripting/monoscript/fileName/uint4x2.gen.cs: b7591412c0d582e5dffe67f85a90dd0a -> 
  custom:scripting/monoscript/fileName/int3x2.gen.cs: 3713def57441460b7d8181bf2ebb068b -> 
  custom:scripting/monoscript/fileName/random.cs: 773187f16d25a3763332e4d0e08067fb -> 
  custom:scripting/monoscript/fileName/float4.gen.cs: b782c632ec38515e69077afe722e950b -> 
  custom:scripting/monoscript/fileName/uint3x4.gen.cs: 85b37160b72ca5d09aa390a0ed4ac5d3 -> 
  custom:scripting/monoscript/fileName/float3x2.gen.cs: c82cdc670988a624afef0b4a59da9960 -> 
  custom:scripting/monoscript/fileName/int4x2.gen.cs: 03019ae5b6ae2c22f6bcc41f109a6f3f -> 
  custom:scripting/monoscript/fileName/double3.gen.cs: 377c7acd7948bf71aea5d8cf8236ee9b -> 
  custom:framework-osx-AVFoundation: e770b220cccbd017edd2c1fefb359320 -> 
  custom:scripting/monoscript/fileName/uint2.gen.cs: f442e48493395c3c057fa324c1ed7700 -> 
  custom:scripting/monoscript/fileName/float2x3.gen.cs: dd8be2164b904b64628efafb474868f4 -> 
  custom:scripting/monoscript/fileName/cellular2x2x2.cs: 2eb29bf877494e27d7b8d68303a33727 -> 
  custom:scripting/monoscript/fileName/matrix.cs: 17bd875ecbf69296bc7f1415237b5bf7 -> 
  custom:video-encoder-webm-vp8: eb34c28f22e8b96e1ab97ce403110664 -> 
  custom:scripting/monoscript/fileName/cellular3D.cs: 2eb29bf877494e27d7b8d68303a33727 -> 
  custom:scripting/monoscript/fileName/bool3x4.gen.cs: dd64119ecce8747c9d345fc62ed63bff -> 
  custom:audio-decoder-ogg-vorbis: bf7c407c2cedff20999df2af8eb42d56 -> 
  custom:scripting/monoscript/fileName/int2x3.gen.cs: 377af658550da76bc0efa7c5a755eb90 -> 
  custom:scripting/monoscript/fileName/double2x4.gen.cs: 685c5fa921181be1c5c2624181389ad3 -> 
  custom:scripting/monoscript/fileName/uint4.gen.cs: 39973cd09553f87c6828ba478621c98d -> 
  custom:scripting/monoscript/fileName/cellular2D.cs: 2eb29bf877494e27d7b8d68303a33727 -> 
  custom:scripting/monoscript/fileName/double2x3.gen.cs: 2fbeb18c538397a8260f5c41cab0741e -> 
  custom:scripting/monoscript/fileName/int3x4.gen.cs: 8460bfcadb3ac350c26daa6b9595294c -> 
  custom:scripting/monoscript/fileName/noise4D.cs: 2eb29bf877494e27d7b8d68303a33727 -> 
  custom:scripting/monoscript/fileName/psrdnoise2D.cs: 2eb29bf877494e27d7b8d68303a33727 -> 
  custom:scripting/monoscript/fileName/QuaternionDrawer.cs: 11323f18a038f5e869f0b55e53c54a31 -> 
  custom:scripting/monoscript/fileName/common.cs: 2eb29bf877494e27d7b8d68303a33727 -> 
  custom:audio-encoder-webm-vorbis: bf7c407c2cedff20999df2af8eb42d56 -> 
  custom:scripting/monoscript/fileName/uint2x2.gen.cs: ef58eafb69337704525106c30b2f9c86 -> 
  custom:scripting/monoscript/fileName/float3x3.gen.cs: 48f350102ac697de2455487383306e62 -> 
  custom:scripting/monoscript/fileName/float2.gen.cs: 6120954cdb3e1af6bb1e798ca56424e4 -> 
  custom:scripting/monoscript/fileName/bool3x3.gen.cs: f3dd982fcc1d0b33ec635c43c306a1b8 -> 
  custom:scripting/monoscript/fileName/double4x2.gen.cs: 530f8410a1ca9a96d8c16e723573cfae -> 
  custom:scripting/monoscript/fileName/PrimitiveVectorDrawer.cs: 3e4cc385215599322653e09117c642ee -> 
========================================================================
Received Prepare
Begin MonoManager ReloadAssembly
Thread 0x17da87000 may have been prematurely finalized
- Loaded All Assemblies, in  0.826 seconds
Refreshing native plugins compatible for Editor in 2.69 ms, found 5 plugins.
Native extension for OSXStandalone target not found
Native extension for WebGL target not found
[Package Manager] Server::EnsureServerProcessIsRunning -- launch failed, reason: Unity was launched with the -noUpm command-line argument
[Package Manager] UpmClient::Send -- Unable to send message (not connected to UPM process).
[Package Manager] Cannot connect to Unity Package Manager local server
[Package Manager] Server::EnsureServerProcessIsRunning -- launch failed, reason: Unity was launched with the -noUpm command-line argument
[Package Manager] UpmClient::Send -- Unable to send message (not connected to UPM process).
[Package Manager] Cannot connect to Unity Package Manager local server
[Package Manager] Server::EnsureServerProcessIsRunning -- launch failed, reason: Unity was launched with the -noUpm command-line argument
[Package Manager] UpmClient::Send -- Unable to send message (not connected to UPM process).
[Package Manager] Cannot connect to Unity Package Manager local server
Mono: successfully reloaded assembly
[Package Manager] Server::EnsureServerProcessIsRunning -- launch failed, reason: Unity was launched with the -noUpm command-line argument
[Package Manager] UpmClient::Send -- Unable to send message (not connected to UPM process).
[Package Manager] Cannot connect to Unity Package Manager local server
- Finished resetting the current domain, in  1.346 seconds
Domain Reload Profiling: 2176ms
	BeginReloadAssembly (224ms)
		ExecutionOrderSort (0ms)
		DisableScriptedObjects (8ms)
		BackupInstance (0ms)
		ReleaseScriptingObjects (0ms)
		CreateAndSetChildDomain (93ms)
	RebuildCommonClasses (36ms)
	RebuildNativeTypeToScriptingClass (10ms)
	initialDomainReloadingComplete (32ms)
	LoadAllAssembliesAndSetupDomain (527ms)
		LoadAssemblies (409ms)
		RebuildTransferFunctionScriptingTraits (0ms)
		AnalyzeDomain (207ms)
			TypeCache.Refresh (140ms)
				TypeCache.ScanAssembly (94ms)
			ScanForSourceGeneratedMonoScriptInfo (40ms)
			ResolveRequiredComponents (25ms)
	FinalizeReload (1347ms)
		ReleaseScriptCaches (0ms)
		RebuildScriptCaches (0ms)
		SetupLoadedEditorAssemblies (462ms)
			LogAssemblyErrors (0ms)
			InitializePlatformSupportModulesInManaged (3ms)
			SetLoadedEditorAssemblies (4ms)
			RefreshPlugins (0ms)
			BeforeProcessingInitializeOnLoad (66ms)
			ProcessInitializeOnLoadAttributes (369ms)
			ProcessInitializeOnLoadMethodAttributes (18ms)
			AfterProcessingInitializeOnLoad (1ms)
			EditorAssembliesLoaded (0ms)
		ExecutionOrderSort2 (0ms)
		AwakeInstancesAfterBackupRestoration (3ms)
Shader 'Oculus/OVRMRCameraFrameLit': fallback shader 'Alpha-Diffuse' not found
Refreshing native plugins compatible for Editor in 3.48 ms, found 5 plugins.
Preloading 1 native plugins for Editor in 0.51 ms.
Unloading 6197 Unused Serialized files (Serialized files now loaded: 0)
Unloading 63 unused Assets / (229.4 KB). Loaded Objects now: 6748.
Memory consumption went from 251.5 MB to 251.3 MB.
Total: 9.307583 ms (FindLiveObjects: 0.361208 ms CreateObjectMapping: 0.093750 ms MarkObjects: 8.524042 ms  DeleteObjects: 0.325291 ms)

Prepare: number of updated asset objects reloaded= 0
AssetImportParameters requested are different than current active one (requested -> active):
  custom:container-demuxer-ogg: 62fdf1f143b41e24485cea50d1cbac27 -> 
  custom:container-muxer-webm: aa71ff27fc2769a1b78a27578f13a17b -> 
  custom:video-decoder-webm-vp8: 9c59270c3fd7afecdb556c50c9e8de78 -> 
  custom:SearchIndexIgnoredProperties: e643bd26f0fe6173181afceb89e7c659 -> 
  custom:AudioImporter_EditorPlatform: 3918e3fc78b5a79bad01e8451be0beb8 -> 
  custom:audio-decoder-ogg-vorbis: bf7c407c2cedff20999df2af8eb42d56 -> 
  custom:audio-encoder-webm-vorbis: bf7c407c2cedff20999df2af8eb42d56 -> 
  custom:video-decoder-ogg-theora: a1e56fd34408186e4bbccfd4996cb3dc -> 
  custom:CustomObjectIndexerAttribute: 9a22284fe3817be447336de3de66b15e -> 
  custom:container-demuxer-webm: 4f35f7cbe854078d1ac9338744f61a02 -> 
  custom:framework-osx-AVFoundation: e770b220cccbd017edd2c1fefb359320 -> 
  custom:video-encoder-webm-vp8: eb34c28f22e8b96e1ab97ce403110664 -> 
========================================================================
Received Prepare
Begin MonoManager ReloadAssembly
Thread 0x170313000 may have been prematurely finalized
- Loaded All Assemblies, in  0.921 seconds
Refreshing native plugins compatible for Editor in 3.18 ms, found 5 plugins.
Native extension for OSXStandalone target not found
Native extension for WebGL target not found
[Package Manager] Server::EnsureServerProcessIsRunning -- launch failed, reason: Unity was launched with the -noUpm command-line argument
[Package Manager] UpmClient::Send -- Unable to send message (not connected to UPM process).
[Package Manager] Cannot connect to Unity Package Manager local server
[Package Manager] Server::EnsureServerProcessIsRunning -- launch failed, reason: Unity was launched with the -noUpm command-line argument
[Package Manager] UpmClient::Send -- Unable to send message (not connected to UPM process).
[Package Manager] Cannot connect to Unity Package Manager local server
[Package Manager] Server::EnsureServerProcessIsRunning -- launch failed, reason: Unity was launched with the -noUpm command-line argument
[Package Manager] UpmClient::Send -- Unable to send message (not connected to UPM process).
[Package Manager] Cannot connect to Unity Package Manager local server
Mono: successfully reloaded assembly
[Package Manager] Server::EnsureServerProcessIsRunning -- launch failed, reason: Unity was launched with the -noUpm command-line argument
[Package Manager] UpmClient::Send -- Unable to send message (not connected to UPM process).
[Package Manager] Cannot connect to Unity Package Manager local server
- Finished resetting the current domain, in  1.390 seconds
Domain Reload Profiling: 2312ms
	BeginReloadAssembly (252ms)
		ExecutionOrderSort (0ms)
		DisableScriptedObjects (6ms)
		BackupInstance (0ms)
		ReleaseScriptingObjects (0ms)
		CreateAndSetChildDomain (104ms)
	RebuildCommonClasses (57ms)
	RebuildNativeTypeToScriptingClass (12ms)
	initialDomainReloadingComplete (25ms)
	LoadAllAssembliesAndSetupDomain (576ms)
		LoadAssemblies (607ms)
		RebuildTransferFunctionScriptingTraits (0ms)
		AnalyzeDomain (59ms)
			TypeCache.Refresh (33ms)
				TypeCache.ScanAssembly (0ms)
			ScanForSourceGeneratedMonoScriptInfo (1ms)
			ResolveRequiredComponents (24ms)
	FinalizeReload (1390ms)
		ReleaseScriptCaches (0ms)
		RebuildScriptCaches (0ms)
		SetupLoadedEditorAssemblies (554ms)
			LogAssemblyErrors (0ms)
			InitializePlatformSupportModulesInManaged (4ms)
			SetLoadedEditorAssemblies (6ms)
			RefreshPlugins (0ms)
			BeforeProcessingInitializeOnLoad (75ms)
			ProcessInitializeOnLoadAttributes (448ms)
			ProcessInitializeOnLoadMethodAttributes (21ms)
			AfterProcessingInitializeOnLoad (1ms)
			EditorAssembliesLoaded (0ms)
		ExecutionOrderSort2 (0ms)
		AwakeInstancesAfterBackupRestoration (4ms)
Shader 'Oculus/OVRMRCameraFrameLit': fallback shader 'Alpha-Diffuse' not found
Refreshing native plugins compatible for Editor in 3.41 ms, found 5 plugins.
Preloading 1 native plugins for Editor in 0.55 ms.
Unloading 6197 Unused Serialized files (Serialized files now loaded: 0)
Unloading 63 unused Assets / (213.1 KB). Loaded Objects now: 6753.
Memory consumption went from 262.2 MB to 262.0 MB.
Total: 12.542958 ms (FindLiveObjects: 0.755917 ms CreateObjectMapping: 0.090583 ms MarkObjects: 10.261041 ms  DeleteObjects: 1.427500 ms)

Prepare: number of updated asset objects reloaded= 0
AssetImportParameters requested are different than current active one (requested -> active):
  custom:container-demuxer-ogg: 62fdf1f143b41e24485cea50d1cbac27 -> 
  custom:container-muxer-webm: aa71ff27fc2769a1b78a27578f13a17b -> 
  custom:video-decoder-webm-vp8: 9c59270c3fd7afecdb556c50c9e8de78 -> 
  custom:SearchIndexIgnoredProperties: e643bd26f0fe6173181afceb89e7c659 -> 
  custom:AudioImporter_EditorPlatform: 3918e3fc78b5a79bad01e8451be0beb8 -> 
  custom:audio-decoder-ogg-vorbis: bf7c407c2cedff20999df2af8eb42d56 -> 
  custom:audio-encoder-webm-vorbis: bf7c407c2cedff20999df2af8eb42d56 -> 
  custom:video-decoder-ogg-theora: a1e56fd34408186e4bbccfd4996cb3dc -> 
  custom:CustomObjectIndexerAttribute: 9a22284fe3817be447336de3de66b15e -> 
  custom:container-demuxer-webm: 4f35f7cbe854078d1ac9338744f61a02 -> 
  custom:framework-osx-AVFoundation: e770b220cccbd017edd2c1fefb359320 -> 
  custom:video-encoder-webm-vp8: eb34c28f22e8b96e1ab97ce403110664 -> 
========================================================================
Received Prepare
Begin MonoManager ReloadAssembly
Thread 0x17e817000 may have been prematurely finalized
- Loaded All Assemblies, in  0.970 seconds
Refreshing native plugins compatible for Editor in 2.70 ms, found 5 plugins.
Native extension for OSXStandalone target not found
Native extension for WebGL target not found
[Package Manager] Server::EnsureServerProcessIsRunning -- launch failed, reason: Unity was launched with the -noUpm command-line argument
[Package Manager] UpmClient::Send -- Unable to send message (not connected to UPM process).
[Package Manager] Cannot connect to Unity Package Manager local server
[Package Manager] Server::EnsureServerProcessIsRunning -- launch failed, reason: Unity was launched with the -noUpm command-line argument
[Package Manager] UpmClient::Send -- Unable to send message (not connected to UPM process).
[Package Manager] Cannot connect to Unity Package Manager local server
[Package Manager] Server::EnsureServerProcessIsRunning -- launch failed, reason: Unity was launched with the -noUpm command-line argument
[Package Manager] UpmClient::Send -- Unable to send message (not connected to UPM process).
[Package Manager] Cannot connect to Unity Package Manager local server
Mono: successfully reloaded assembly
[Package Manager] Server::EnsureServerProcessIsRunning -- launch failed, reason: Unity was launched with the -noUpm command-line argument
[Package Manager] UpmClient::Send -- Unable to send message (not connected to UPM process).
[Package Manager] Cannot connect to Unity Package Manager local server
- Finished resetting the current domain, in  1.429 seconds
Domain Reload Profiling: 2401ms
	BeginReloadAssembly (260ms)
		ExecutionOrderSort (0ms)
		DisableScriptedObjects (5ms)
		BackupInstance (0ms)
		ReleaseScriptingObjects (0ms)
		CreateAndSetChildDomain (100ms)
	RebuildCommonClasses (32ms)
	RebuildNativeTypeToScriptingClass (9ms)
	initialDomainReloadingComplete (18ms)
	LoadAllAssembliesAndSetupDomain (652ms)
		LoadAssemblies (548ms)
		RebuildTransferFunctionScriptingTraits (0ms)
		AnalyzeDomain (215ms)
			TypeCache.Refresh (166ms)
				TypeCache.ScanAssembly (120ms)
			ScanForSourceGeneratedMonoScriptInfo (32ms)
			ResolveRequiredComponents (16ms)
	FinalizeReload (1430ms)
		ReleaseScriptCaches (0ms)
		RebuildScriptCaches (0ms)
		SetupLoadedEditorAssemblies (693ms)
			LogAssemblyErrors (0ms)
			InitializePlatformSupportModulesInManaged (4ms)
			SetLoadedEditorAssemblies (6ms)
			RefreshPlugins (0ms)
			BeforeProcessingInitializeOnLoad (74ms)
			ProcessInitializeOnLoadAttributes (579ms)
			ProcessInitializeOnLoadMethodAttributes (29ms)
			AfterProcessingInitializeOnLoad (1ms)
			EditorAssembliesLoaded (1ms)
		ExecutionOrderSort2 (0ms)
		AwakeInstancesAfterBackupRestoration (4ms)
Shader 'Oculus/OVRMRCameraFrameLit': fallback shader 'Alpha-Diffuse' not found
Refreshing native plugins compatible for Editor in 3.27 ms, found 5 plugins.
Preloading 1 native plugins for Editor in 0.49 ms.
Unloading 6252 Unused Serialized files (Serialized files now loaded: 0)
Unloading 75 unused Assets / (0.7 MB). Loaded Objects now: 6823.
Memory consumption went from 281.6 MB to 280.9 MB.
Total: 8.406792 ms (FindLiveObjects: 0.299750 ms CreateObjectMapping: 0.085750 ms MarkObjects: 7.370000 ms  DeleteObjects: 0.647875 ms)

Prepare: number of updated asset objects reloaded= 0
AssetImportParameters requested are different than current active one (requested -> active):
  custom:container-demuxer-ogg: 62fdf1f143b41e24485cea50d1cbac27 -> 
  custom:container-muxer-webm: aa71ff27fc2769a1b78a27578f13a17b -> 
  custom:video-decoder-webm-vp8: 9c59270c3fd7afecdb556c50c9e8de78 -> 
  custom:SearchIndexIgnoredProperties: e643bd26f0fe6173181afceb89e7c659 -> 
  custom:AudioImporter_EditorPlatform: 3918e3fc78b5a79bad01e8451be0beb8 -> 
  custom:audio-decoder-ogg-vorbis: bf7c407c2cedff20999df2af8eb42d56 -> 
  custom:audio-encoder-webm-vorbis: bf7c407c2cedff20999df2af8eb42d56 -> 
  custom:video-decoder-ogg-theora: a1e56fd34408186e4bbccfd4996cb3dc -> 
  custom:CustomObjectIndexerAttribute: 9a22284fe3817be447336de3de66b15e -> 
  custom:container-demuxer-webm: 4f35f7cbe854078d1ac9338744f61a02 -> 
  custom:framework-osx-AVFoundation: e770b220cccbd017edd2c1fefb359320 -> 
  custom:video-encoder-webm-vp8: eb34c28f22e8b96e1ab97ce403110664 -> 
========================================================================
Received Prepare
Begin MonoManager ReloadAssembly
Thread 0x1702ef000 may have been prematurely finalized
- Loaded All Assemblies, in  0.925 seconds
Refreshing native plugins compatible for Editor in 3.52 ms, found 5 plugins.
Native extension for OSXStandalone target not found
Native extension for WebGL target not found
[Package Manager] Server::EnsureServerProcessIsRunning -- launch failed, reason: Unity was launched with the -noUpm command-line argument
[Package Manager] UpmClient::Send -- Unable to send message (not connected to UPM process).
[Package Manager] Cannot connect to Unity Package Manager local server
[Package Manager] Server::EnsureServerProcessIsRunning -- launch failed, reason: Unity was launched with the -noUpm command-line argument
[Package Manager] UpmClient::Send -- Unable to send message (not connected to UPM process).
[Package Manager] Cannot connect to Unity Package Manager local server
[Package Manager] Server::EnsureServerProcessIsRunning -- launch failed, reason: Unity was launched with the -noUpm command-line argument
[Package Manager] UpmClient::Send -- Unable to send message (not connected to UPM process).
[Package Manager] Cannot connect to Unity Package Manager local server
Mono: successfully reloaded assembly
[Package Manager] Server::EnsureServerProcessIsRunning -- launch failed, reason: Unity was launched with the -noUpm command-line argument
[Package Manager] UpmClient::Send -- Unable to send message (not connected to UPM process).
[Package Manager] Cannot connect to Unity Package Manager local server
- Finished resetting the current domain, in  1.276 seconds
Domain Reload Profiling: 2202ms
	BeginReloadAssembly (322ms)
		ExecutionOrderSort (0ms)
		DisableScriptedObjects (4ms)
		BackupInstance (0ms)
		ReleaseScriptingObjects (0ms)
		CreateAndSetChildDomain (130ms)
	RebuildCommonClasses (43ms)
	RebuildNativeTypeToScriptingClass (10ms)
	initialDomainReloadingComplete (18ms)
	LoadAllAssembliesAndSetupDomain (532ms)
		LoadAssemblies (481ms)
		RebuildTransferFunctionScriptingTraits (0ms)
		AnalyzeDomain (181ms)
			TypeCache.Refresh (137ms)
				TypeCache.ScanAssembly (100ms)
			ScanForSourceGeneratedMonoScriptInfo (29ms)
			ResolveRequiredComponents (15ms)
	FinalizeReload (1277ms)
		ReleaseScriptCaches (0ms)
		RebuildScriptCaches (0ms)
		SetupLoadedEditorAssemblies (478ms)
			LogAssemblyErrors (0ms)
			InitializePlatformSupportModulesInManaged (4ms)
			SetLoadedEditorAssemblies (5ms)
			RefreshPlugins (0ms)
			BeforeProcessingInitializeOnLoad (75ms)
			ProcessInitializeOnLoadAttributes (377ms)
			ProcessInitializeOnLoadMethodAttributes (17ms)
			AfterProcessingInitializeOnLoad (1ms)
			EditorAssembliesLoaded (0ms)
		ExecutionOrderSort2 (0ms)
		AwakeInstancesAfterBackupRestoration (3ms)
Shader 'Oculus/OVRMRCameraFrameLit': fallback shader 'Alpha-Diffuse' not found
Refreshing native plugins compatible for Editor in 2.79 ms, found 5 plugins.
Preloading 1 native plugins for Editor in 13.25 ms.
Unloading 6197 Unused Serialized files (Serialized files now loaded: 0)
Unloading 127 unused Assets / (252.4 KB). Loaded Objects now: 6764.
Memory consumption went from 285.4 MB to 285.1 MB.
Total: 8.134542 ms (FindLiveObjects: 0.273334 ms CreateObjectMapping: 0.088500 ms MarkObjects: 6.838959 ms  DeleteObjects: 0.931708 ms)

Prepare: number of updated asset objects reloaded= 0
AssetImportParameters requested are different than current active one (requested -> active):
  custom:container-demuxer-ogg: 62fdf1f143b41e24485cea50d1cbac27 -> 
  custom:container-muxer-webm: aa71ff27fc2769a1b78a27578f13a17b -> 
  custom:video-decoder-webm-vp8: 9c59270c3fd7afecdb556c50c9e8de78 -> 
  custom:SearchIndexIgnoredProperties: e643bd26f0fe6173181afceb89e7c659 -> 
  custom:AudioImporter_EditorPlatform: 3918e3fc78b5a79bad01e8451be0beb8 -> 
  custom:audio-decoder-ogg-vorbis: bf7c407c2cedff20999df2af8eb42d56 -> 
  custom:audio-encoder-webm-vorbis: bf7c407c2cedff20999df2af8eb42d56 -> 
  custom:video-decoder-ogg-theora: a1e56fd34408186e4bbccfd4996cb3dc -> 
  custom:CustomObjectIndexerAttribute: 9a22284fe3817be447336de3de66b15e -> 
  custom:container-demuxer-webm: 4f35f7cbe854078d1ac9338744f61a02 -> 
  custom:framework-osx-AVFoundation: e770b220cccbd017edd2c1fefb359320 -> 
  custom:video-encoder-webm-vp8: eb34c28f22e8b96e1ab97ce403110664 -> 
========================================================================
Received Prepare
Begin MonoManager ReloadAssembly
Thread 0x170313000 may have been prematurely finalized
- Loaded All Assemblies, in  0.806 seconds
Refreshing native plugins compatible for Editor in 7.42 ms, found 5 plugins.
Native extension for OSXStandalone target not found
Native extension for WebGL target not found
[Package Manager] Server::EnsureServerProcessIsRunning -- launch failed, reason: Unity was launched with the -noUpm command-line argument
[Package Manager] UpmClient::Send -- Unable to send message (not connected to UPM process).
[Package Manager] Cannot connect to Unity Package Manager local server
[Package Manager] Server::EnsureServerProcessIsRunning -- launch failed, reason: Unity was launched with the -noUpm command-line argument
[Package Manager] UpmClient::Send -- Unable to send message (not connected to UPM process).
[Package Manager] Cannot connect to Unity Package Manager local server
[Package Manager] Server::EnsureServerProcessIsRunning -- launch failed, reason: Unity was launched with the -noUpm command-line argument
[Package Manager] UpmClient::Send -- Unable to send message (not connected to UPM process).
[Package Manager] Cannot connect to Unity Package Manager local server
Mono: successfully reloaded assembly
[Package Manager] Server::EnsureServerProcessIsRunning -- launch failed, reason: Unity was launched with the -noUpm command-line argument
[Package Manager] UpmClient::Send -- Unable to send message (not connected to UPM process).
[Package Manager] Cannot connect to Unity Package Manager local server
- Finished resetting the current domain, in  1.265 seconds
Domain Reload Profiling: 2073ms
	BeginReloadAssembly (296ms)
		ExecutionOrderSort (0ms)
		DisableScriptedObjects (3ms)
		BackupInstance (0ms)
		ReleaseScriptingObjects (0ms)
		CreateAndSetChildDomain (173ms)
	RebuildCommonClasses (30ms)
	RebuildNativeTypeToScriptingClass (20ms)
	initialDomainReloadingComplete (36ms)
	LoadAllAssembliesAndSetupDomain (426ms)
		LoadAssemblies (460ms)
		RebuildTransferFunctionScriptingTraits (0ms)
		AnalyzeDomain (31ms)
			TypeCache.Refresh (12ms)
				TypeCache.ScanAssembly (0ms)
			ScanForSourceGeneratedMonoScriptInfo (0ms)
			ResolveRequiredComponents (18ms)
	FinalizeReload (1266ms)
		ReleaseScriptCaches (0ms)
		RebuildScriptCaches (0ms)
		SetupLoadedEditorAssemblies (538ms)
			LogAssemblyErrors (0ms)
			InitializePlatformSupportModulesInManaged (4ms)
			SetLoadedEditorAssemblies (5ms)
			RefreshPlugins (0ms)
			BeforeProcessingInitializeOnLoad (82ms)
			ProcessInitializeOnLoadAttributes (425ms)
			ProcessInitializeOnLoadMethodAttributes (21ms)
			AfterProcessingInitializeOnLoad (1ms)
			EditorAssembliesLoaded (0ms)
		ExecutionOrderSort2 (0ms)
		AwakeInstancesAfterBackupRestoration (4ms)
Shader 'Oculus/OVRMRCameraFrameLit': fallback shader 'Alpha-Diffuse' not found
Refreshing native plugins compatible for Editor in 3.29 ms, found 5 plugins.
Preloading 1 native plugins for Editor in 0.68 ms.
Unloading 6197 Unused Serialized files (Serialized files now loaded: 0)
Unloading 63 unused Assets / (213.2 KB). Loaded Objects now: 6769.
Memory consumption went from 296.1 MB to 295.9 MB.
Total: 9.614334 ms (FindLiveObjects: 0.640916 ms CreateObjectMapping: 0.090959 ms MarkObjects: 8.316041 ms  DeleteObjects: 0.565875 ms)

Prepare: number of updated asset objects reloaded= 0
AssetImportParameters requested are different than current active one (requested -> active):
  custom:container-demuxer-ogg: 62fdf1f143b41e24485cea50d1cbac27 -> 
  custom:container-muxer-webm: aa71ff27fc2769a1b78a27578f13a17b -> 
  custom:video-decoder-webm-vp8: 9c59270c3fd7afecdb556c50c9e8de78 -> 
  custom:SearchIndexIgnoredProperties: e643bd26f0fe6173181afceb89e7c659 -> 
  custom:AudioImporter_EditorPlatform: 3918e3fc78b5a79bad01e8451be0beb8 -> 
  custom:audio-decoder-ogg-vorbis: bf7c407c2cedff20999df2af8eb42d56 -> 
  custom:audio-encoder-webm-vorbis: bf7c407c2cedff20999df2af8eb42d56 -> 
  custom:video-decoder-ogg-theora: a1e56fd34408186e4bbccfd4996cb3dc -> 
  custom:CustomObjectIndexerAttribute: 9a22284fe3817be447336de3de66b15e -> 
  custom:container-demuxer-webm: 4f35f7cbe854078d1ac9338744f61a02 -> 
  custom:framework-osx-AVFoundation: e770b220cccbd017edd2c1fefb359320 -> 
  custom:video-encoder-webm-vp8: eb34c28f22e8b96e1ab97ce403110664 -> 
TcpMessagingSession - receive error
AssetImportWorkerClient::OnTransportError - code=2 error=End of file
